[2026-01-17T14:03:30.860+0700] {taskinstance.py:1957} INFO - Dependencies all met for dep_context=non-requeueable deps ti=<TaskInstance: adventureworks_final.run_dimensions manual__2026-01-17T06:59:37.069382+00:00 [queued]>
[2026-01-17T14:03:30.863+0700] {taskinstance.py:1957} INFO - Dependencies all met for dep_context=requeueable deps ti=<TaskInstance: adventureworks_final.run_dimensions manual__2026-01-17T06:59:37.069382+00:00 [queued]>
[2026-01-17T14:03:30.863+0700] {taskinstance.py:2171} INFO - Starting attempt 1 of 2
[2026-01-17T14:03:30.869+0700] {taskinstance.py:2192} INFO - Executing <Task(BashOperator): run_dimensions> on 2026-01-17 06:59:37.069382+00:00
[2026-01-17T14:03:30.873+0700] {standard_task_runner.py:60} INFO - Started process 51808 to run task
[2026-01-17T14:03:30.877+0700] {standard_task_runner.py:87} INFO - Running: ['airflow', 'tasks', 'run', 'adventureworks_final', 'run_dimensions', 'manual__2026-01-17T06:59:37.069382+00:00', '--job-id', '15', '--raw', '--subdir', 'DAGS_FOLDER/adventureworks_etl_dag.py', '--cfg-path', '/var/folders/dh/drrkwhq5347_9fqxfjd_vm600000gn/T/tmplc8kix3k']
[2026-01-17T14:03:30.879+0700] {standard_task_runner.py:88} INFO - Job 15: Subtask run_dimensions
[2026-01-17T14:03:30.900+0700] {task_command.py:423} INFO - Running <TaskInstance: adventureworks_final.run_dimensions manual__2026-01-17T06:59:37.069382+00:00 [running]> on host macbook-pro-2.fpt
[2026-01-17T14:03:30.926+0700] {taskinstance.py:2481} INFO - Exporting env vars: AIRFLOW_CTX_DAG_OWNER='kimhoang' AIRFLOW_CTX_DAG_ID='adventureworks_final' AIRFLOW_CTX_TASK_ID='run_dimensions' AIRFLOW_CTX_EXECUTION_DATE='2026-01-17T06:59:37.069382+00:00' AIRFLOW_CTX_TRY_NUMBER='1' AIRFLOW_CTX_DAG_RUN_ID='manual__2026-01-17T06:59:37.069382+00:00'
[2026-01-17T14:03:30.926+0700] {subprocess.py:63} INFO - Tmp dir root location: /var/folders/dh/drrkwhq5347_9fqxfjd_vm600000gn/T
[2026-01-17T14:03:30.927+0700] {subprocess.py:75} INFO - Running command: ['/bin/bash', '-c', 'cd /Users/tukimhoang/Documents/AdventureWorks_DataWarehouse_Project/dbt && dbt run --select dim_category_product dim_customer dim_employee dim_product dim_store dim_subcategory_product dim_territory --profiles-dir /Users/tukimhoang/.dbt']
[2026-01-17T14:03:30.931+0700] {subprocess.py:86} INFO - Output:
[2026-01-17T14:03:31.872+0700] {subprocess.py:93} INFO - [0m07:03:31  Running with dbt=1.11.2
[2026-01-17T14:03:32.146+0700] {subprocess.py:93} INFO - [0m07:03:32  Registered adapter: sqlserver=1.9.0
[2026-01-17T14:03:32.470+0700] {subprocess.py:93} INFO - [0m07:03:32  Found 25 models, 28 data tests, 8 sources, 538 macros
[2026-01-17T14:03:32.473+0700] {subprocess.py:93} INFO - [0m07:03:32
[2026-01-17T14:03:32.473+0700] {subprocess.py:93} INFO - [0m07:03:32  Concurrency: 1 threads (target='dev')
[2026-01-17T14:03:32.473+0700] {subprocess.py:93} INFO - [0m07:03:32
[2026-01-17T14:03:32.696+0700] {subprocess.py:93} INFO - [0m07:03:32  1 of 7 START sql table model stagging_dw.DIM_Category_Product .................. [RUN]
[2026-01-17T14:03:32.831+0700] {subprocess.py:93} INFO - [0m07:03:32  1 of 7 OK created sql table model stagging_dw.DIM_Category_Product ............. [[32mOK[0m in 0.13s]
[2026-01-17T14:03:32.832+0700] {subprocess.py:93} INFO - [0m07:03:32  2 of 7 START sql table model stagging_dw.DIM_Customer .......................... [RUN]
[2026-01-17T14:03:32.914+0700] {subprocess.py:93} INFO - [0m07:03:32  2 of 7 OK created sql table model stagging_dw.DIM_Customer ..................... [[32mOK[0m in 0.08s]
[2026-01-17T14:03:32.915+0700] {subprocess.py:93} INFO - [0m07:03:32  3 of 7 START sql table model stagging_dw.DIM_Employee .......................... [RUN]
[2026-01-17T14:03:33.003+0700] {subprocess.py:93} INFO - [0m07:03:33  3 of 7 OK created sql table model stagging_dw.DIM_Employee ..................... [[32mOK[0m in 0.09s]
[2026-01-17T14:03:33.004+0700] {subprocess.py:93} INFO - [0m07:03:33  4 of 7 START sql table model stagging_dw.DIM_Product ........................... [RUN]
[2026-01-17T14:03:33.148+0700] {subprocess.py:93} INFO - [0m07:03:33  4 of 7 OK created sql table model stagging_dw.DIM_Product ...................... [[32mOK[0m in 0.14s]
[2026-01-17T14:03:33.149+0700] {subprocess.py:93} INFO - [0m07:03:33  5 of 7 START sql table model stagging_dw.DIM_Store ............................. [RUN]
[2026-01-17T14:03:33.228+0700] {subprocess.py:93} INFO - [0m07:03:33  5 of 7 OK created sql table model stagging_dw.DIM_Store ........................ [[32mOK[0m in 0.08s]
[2026-01-17T14:03:33.229+0700] {subprocess.py:93} INFO - [0m07:03:33  6 of 7 START sql table model stagging_dw.DIM_SubCategory_Product ............... [RUN]
[2026-01-17T14:03:33.307+0700] {subprocess.py:93} INFO - [0m07:03:33  6 of 7 OK created sql table model stagging_dw.DIM_SubCategory_Product .......... [[32mOK[0m in 0.08s]
[2026-01-17T14:03:33.308+0700] {subprocess.py:93} INFO - [0m07:03:33  7 of 7 START sql table model stagging_dw.DIM_Territory ......................... [RUN]
[2026-01-17T14:03:33.386+0700] {subprocess.py:93} INFO - [0m07:03:33  7 of 7 OK created sql table model stagging_dw.DIM_Territory .................... [[32mOK[0m in 0.08s]
[2026-01-17T14:03:33.388+0700] {subprocess.py:93} INFO - [0m07:03:33
[2026-01-17T14:03:33.388+0700] {subprocess.py:93} INFO - [0m07:03:33  Finished running 7 table models in 0 hours 0 minutes and 0.91 seconds (0.91s).
[2026-01-17T14:03:33.422+0700] {subprocess.py:93} INFO - [0m07:03:33
[2026-01-17T14:03:33.423+0700] {subprocess.py:93} INFO - [0m07:03:33  [32mCompleted successfully[0m
[2026-01-17T14:03:33.423+0700] {subprocess.py:93} INFO - [0m07:03:33
[2026-01-17T14:03:33.423+0700] {subprocess.py:93} INFO - [0m07:03:33  Done. PASS=7 WARN=0 ERROR=0 SKIP=0 NO-OP=0 TOTAL=7
[2026-01-17T14:03:35.175+0700] {subprocess.py:97} INFO - Command exited with return code 0
[2026-01-17T14:03:35.186+0700] {taskinstance.py:1138} INFO - Marking task as SUCCESS. dag_id=adventureworks_final, task_id=run_dimensions, execution_date=20260117T065937, start_date=20260117T070330, end_date=20260117T070335
[2026-01-17T14:03:35.229+0700] {local_task_job_runner.py:234} INFO - Task exited with return code 0
[2026-01-17T14:03:35.244+0700] {taskinstance.py:3281} INFO - 1 downstream tasks scheduled from follow-on schedule check
