[2026-01-19T12:27:29.547+0700] {taskinstance.py:1957} INFO - Dependencies all met for dep_context=non-requeueable deps ti=<TaskInstance: adventureworks_daily_1210pm.run_staging_layer manual__2026-01-19T05:27:20.711813+00:00 [queued]>
[2026-01-19T12:27:29.550+0700] {taskinstance.py:1957} INFO - Dependencies all met for dep_context=requeueable deps ti=<TaskInstance: adventureworks_daily_1210pm.run_staging_layer manual__2026-01-19T05:27:20.711813+00:00 [queued]>
[2026-01-19T12:27:29.550+0700] {taskinstance.py:2171} INFO - Starting attempt 1 of 3
[2026-01-19T12:27:29.556+0700] {taskinstance.py:2192} INFO - Executing <Task(BashOperator): run_staging_layer> on 2026-01-19 05:27:20.711813+00:00
[2026-01-19T12:27:29.559+0700] {standard_task_runner.py:60} INFO - Started process 81497 to run task
[2026-01-19T12:27:29.564+0700] {standard_task_runner.py:87} INFO - Running: ['airflow', 'tasks', 'run', 'adventureworks_daily_1210pm', 'run_staging_layer', 'manual__2026-01-19T05:27:20.711813+00:00', '--job-id', '51', '--raw', '--subdir', 'DAGS_FOLDER/adventureworks_etl_dag.py', '--cfg-path', '/var/folders/dh/drrkwhq5347_9fqxfjd_vm600000gn/T/tmpgaejsn5w']
[2026-01-19T12:27:29.566+0700] {standard_task_runner.py:88} INFO - Job 51: Subtask run_staging_layer
[2026-01-19T12:27:29.585+0700] {task_command.py:423} INFO - Running <TaskInstance: adventureworks_daily_1210pm.run_staging_layer manual__2026-01-19T05:27:20.711813+00:00 [running]> on host macbook-pro-2.fpt
[2026-01-19T12:27:29.613+0700] {taskinstance.py:2481} INFO - Exporting env vars: AIRFLOW_CTX_DAG_OWNER='kimhoang' AIRFLOW_CTX_DAG_ID='adventureworks_daily_1210pm' AIRFLOW_CTX_TASK_ID='run_staging_layer' AIRFLOW_CTX_EXECUTION_DATE='2026-01-19T05:27:20.711813+00:00' AIRFLOW_CTX_TRY_NUMBER='1' AIRFLOW_CTX_DAG_RUN_ID='manual__2026-01-19T05:27:20.711813+00:00'
[2026-01-19T12:27:29.614+0700] {subprocess.py:63} INFO - Tmp dir root location: /var/folders/dh/drrkwhq5347_9fqxfjd_vm600000gn/T
[2026-01-19T12:27:29.615+0700] {subprocess.py:75} INFO - Running command: ['/bin/bash', '-c', 'cd /Users/tukimhoang/Documents/AdventureWorks_DataWarehouse_Project/dbt && dbt run --select staging --profiles-dir /Users/tukimhoang/.dbt']
[2026-01-19T12:27:29.619+0700] {subprocess.py:86} INFO - Output:
[2026-01-19T12:27:30.575+0700] {subprocess.py:93} INFO - [0m05:27:30  Running with dbt=1.11.2
[2026-01-19T12:27:30.871+0700] {subprocess.py:93} INFO - [0m05:27:30  Registered adapter: sqlserver=1.9.0
[2026-01-19T12:27:31.208+0700] {subprocess.py:93} INFO - [0m05:27:31  Found 25 models, 28 data tests, 8 sources, 538 macros
[2026-01-19T12:27:31.210+0700] {subprocess.py:93} INFO - [0m05:27:31
[2026-01-19T12:27:31.210+0700] {subprocess.py:93} INFO - [0m05:27:31  Concurrency: 1 threads (target='dev')
[2026-01-19T12:27:31.210+0700] {subprocess.py:93} INFO - [0m05:27:31
[2026-01-19T12:27:31.336+0700] {subprocess.py:93} INFO - [0m05:27:31  1 of 8 START sql view model stagging_stagging.stg_dim_cat_product .............. [RUN]
[2026-01-19T12:27:31.448+0700] {subprocess.py:93} INFO - [0m05:27:31  1 of 8 OK created sql view model stagging_stagging.stg_dim_cat_product ......... [[32mOK[0m in 0.11s]
[2026-01-19T12:27:31.449+0700] {subprocess.py:93} INFO - [0m05:27:31  2 of 8 START sql view model stagging_stagging.stg_dim_customer ................. [RUN]
[2026-01-19T12:27:31.540+0700] {subprocess.py:93} INFO - [0m05:27:31  2 of 8 OK created sql view model stagging_stagging.stg_dim_customer ............ [[32mOK[0m in 0.09s]
[2026-01-19T12:27:31.542+0700] {subprocess.py:93} INFO - [0m05:27:31  3 of 8 START sql view model stagging_stagging.stg_dim_employee ................. [RUN]
[2026-01-19T12:27:31.625+0700] {subprocess.py:93} INFO - [0m05:27:31  3 of 8 OK created sql view model stagging_stagging.stg_dim_employee ............ [[32mOK[0m in 0.08s]
[2026-01-19T12:27:31.626+0700] {subprocess.py:93} INFO - [0m05:27:31  4 of 8 START sql view model stagging_stagging.stg_dim_product .................. [RUN]
[2026-01-19T12:27:31.694+0700] {subprocess.py:93} INFO - [0m05:27:31  4 of 8 OK created sql view model stagging_stagging.stg_dim_product ............. [[32mOK[0m in 0.07s]
[2026-01-19T12:27:31.695+0700] {subprocess.py:93} INFO - [0m05:27:31  5 of 8 START sql view model stagging_stagging.stg_dim_store .................... [RUN]
[2026-01-19T12:27:31.811+0700] {subprocess.py:93} INFO - [0m05:27:31  5 of 8 OK created sql view model stagging_stagging.stg_dim_store ............... [[32mOK[0m in 0.11s]
[2026-01-19T12:27:31.812+0700] {subprocess.py:93} INFO - [0m05:27:31  6 of 8 START sql view model stagging_stagging.stg_dim_sub_category_product ..... [RUN]
[2026-01-19T12:27:31.865+0700] {subprocess.py:93} INFO - [0m05:27:31  6 of 8 OK created sql view model stagging_stagging.stg_dim_sub_category_product  [[32mOK[0m in 0.05s]
[2026-01-19T12:27:31.866+0700] {subprocess.py:93} INFO - [0m05:27:31  7 of 8 START sql view model stagging_stagging.stg_dim_territory ................ [RUN]
[2026-01-19T12:27:31.918+0700] {subprocess.py:93} INFO - [0m05:27:31  7 of 8 OK created sql view model stagging_stagging.stg_dim_territory ........... [[32mOK[0m in 0.05s]
[2026-01-19T12:27:31.919+0700] {subprocess.py:93} INFO - [0m05:27:31  8 of 8 START sql view model stagging_stagging.stg_fact_sales ................... [RUN]
[2026-01-19T12:27:31.963+0700] {subprocess.py:93} INFO - [0m05:27:31  8 of 8 OK created sql view model stagging_stagging.stg_fact_sales .............. [[32mOK[0m in 0.04s]
[2026-01-19T12:27:31.966+0700] {subprocess.py:93} INFO - [0m05:27:31
[2026-01-19T12:27:31.966+0700] {subprocess.py:93} INFO - [0m05:27:31  Finished running 8 view models in 0 hours 0 minutes and 0.75 seconds (0.75s).
[2026-01-19T12:27:32.001+0700] {subprocess.py:93} INFO - [0m05:27:32
[2026-01-19T12:27:32.001+0700] {subprocess.py:93} INFO - [0m05:27:32  [32mCompleted successfully[0m
[2026-01-19T12:27:32.002+0700] {subprocess.py:93} INFO - [0m05:27:32
[2026-01-19T12:27:32.002+0700] {subprocess.py:93} INFO - [0m05:27:32  Done. PASS=8 WARN=0 ERROR=0 SKIP=0 NO-OP=0 TOTAL=8
[2026-01-19T12:27:34.106+0700] {subprocess.py:97} INFO - Command exited with return code 0
[2026-01-19T12:27:34.116+0700] {taskinstance.py:1138} INFO - Marking task as SUCCESS. dag_id=adventureworks_daily_1210pm, task_id=run_staging_layer, execution_date=20260119T052720, start_date=20260119T052729, end_date=20260119T052734
[2026-01-19T12:27:34.163+0700] {local_task_job_runner.py:234} INFO - Task exited with return code 0
[2026-01-19T12:27:34.175+0700] {taskinstance.py:3281} INFO - 1 downstream tasks scheduled from follow-on schedule check
