[2026-01-17T14:02:33.345+0700] {taskinstance.py:1957} INFO - Dependencies all met for dep_context=non-requeueable deps ti=<TaskInstance: adventureworks_final.run_staging scheduled__2026-01-16T02:00:00+00:00 [queued]>
[2026-01-17T14:02:33.348+0700] {taskinstance.py:1957} INFO - Dependencies all met for dep_context=requeueable deps ti=<TaskInstance: adventureworks_final.run_staging scheduled__2026-01-16T02:00:00+00:00 [queued]>
[2026-01-17T14:02:33.348+0700] {taskinstance.py:2171} INFO - Starting attempt 1 of 2
[2026-01-17T14:02:33.356+0700] {taskinstance.py:2192} INFO - Executing <Task(BashOperator): run_staging> on 2026-01-16 02:00:00+00:00
[2026-01-17T14:02:33.360+0700] {standard_task_runner.py:60} INFO - Started process 51302 to run task
[2026-01-17T14:02:33.365+0700] {standard_task_runner.py:87} INFO - Running: ['airflow', 'tasks', 'run', 'adventureworks_final', 'run_staging', 'scheduled__2026-01-16T02:00:00+00:00', '--job-id', '5', '--raw', '--subdir', 'DAGS_FOLDER/adventureworks_etl_dag.py', '--cfg-path', '/var/folders/dh/drrkwhq5347_9fqxfjd_vm600000gn/T/tmpw7zvlq4j']
[2026-01-17T14:02:33.368+0700] {standard_task_runner.py:88} INFO - Job 5: Subtask run_staging
[2026-01-17T14:02:33.391+0700] {task_command.py:423} INFO - Running <TaskInstance: adventureworks_final.run_staging scheduled__2026-01-16T02:00:00+00:00 [running]> on host macbook-pro-2.fpt
[2026-01-17T14:02:33.422+0700] {taskinstance.py:2481} INFO - Exporting env vars: AIRFLOW_CTX_DAG_OWNER='kimhoang' AIRFLOW_CTX_DAG_ID='adventureworks_final' AIRFLOW_CTX_TASK_ID='run_staging' AIRFLOW_CTX_EXECUTION_DATE='2026-01-16T02:00:00+00:00' AIRFLOW_CTX_TRY_NUMBER='1' AIRFLOW_CTX_DAG_RUN_ID='scheduled__2026-01-16T02:00:00+00:00'
[2026-01-17T14:02:33.423+0700] {subprocess.py:63} INFO - Tmp dir root location: /var/folders/dh/drrkwhq5347_9fqxfjd_vm600000gn/T
[2026-01-17T14:02:33.423+0700] {subprocess.py:75} INFO - Running command: ['/bin/bash', '-c', 'cd /Users/tukimhoang/Documents/AdventureWorks_DataWarehouse_Project/dbt && dbt run --select staging --profiles-dir /Users/tukimhoang/.dbt']
[2026-01-17T14:02:33.429+0700] {subprocess.py:86} INFO - Output:
[2026-01-17T14:02:34.414+0700] {subprocess.py:93} INFO - [0m07:02:34  Running with dbt=1.11.2
[2026-01-17T14:02:34.746+0700] {subprocess.py:93} INFO - [0m07:02:34  Registered adapter: sqlserver=1.9.0
[2026-01-17T14:02:35.091+0700] {subprocess.py:93} INFO - [0m07:02:35  Found 25 models, 28 data tests, 8 sources, 538 macros
[2026-01-17T14:02:35.093+0700] {subprocess.py:93} INFO - [0m07:02:35
[2026-01-17T14:02:35.093+0700] {subprocess.py:93} INFO - [0m07:02:35  Concurrency: 1 threads (target='dev')
[2026-01-17T14:02:35.093+0700] {subprocess.py:93} INFO - [0m07:02:35
[2026-01-17T14:02:35.224+0700] {subprocess.py:93} INFO - [0m07:02:35  1 of 8 START sql view model stagging_stagging.stg_dim_cat_product .............. [RUN]
[2026-01-17T14:02:35.349+0700] {subprocess.py:93} INFO - [0m07:02:35  1 of 8 OK created sql view model stagging_stagging.stg_dim_cat_product ......... [[32mOK[0m in 0.12s]
[2026-01-17T14:02:35.350+0700] {subprocess.py:93} INFO - [0m07:02:35  2 of 8 START sql view model stagging_stagging.stg_dim_customer ................. [RUN]
[2026-01-17T14:02:35.417+0700] {subprocess.py:93} INFO - [0m07:02:35  2 of 8 OK created sql view model stagging_stagging.stg_dim_customer ............ [[32mOK[0m in 0.07s]
[2026-01-17T14:02:35.418+0700] {subprocess.py:93} INFO - [0m07:02:35  3 of 8 START sql view model stagging_stagging.stg_dim_employee ................. [RUN]
[2026-01-17T14:02:35.479+0700] {subprocess.py:93} INFO - [0m07:02:35  3 of 8 OK created sql view model stagging_stagging.stg_dim_employee ............ [[32mOK[0m in 0.06s]
[2026-01-17T14:02:35.480+0700] {subprocess.py:93} INFO - [0m07:02:35  4 of 8 START sql view model stagging_stagging.stg_dim_product .................. [RUN]
[2026-01-17T14:02:35.547+0700] {subprocess.py:93} INFO - [0m07:02:35  4 of 8 OK created sql view model stagging_stagging.stg_dim_product ............. [[32mOK[0m in 0.07s]
[2026-01-17T14:02:35.548+0700] {subprocess.py:93} INFO - [0m07:02:35  5 of 8 START sql view model stagging_stagging.stg_dim_store .................... [RUN]
[2026-01-17T14:02:35.690+0700] {subprocess.py:93} INFO - [0m07:02:35  5 of 8 OK created sql view model stagging_stagging.stg_dim_store ............... [[32mOK[0m in 0.14s]
[2026-01-17T14:02:35.692+0700] {subprocess.py:93} INFO - [0m07:02:35  6 of 8 START sql view model stagging_stagging.stg_dim_sub_category_product ..... [RUN]
[2026-01-17T14:02:35.761+0700] {subprocess.py:93} INFO - [0m07:02:35  6 of 8 OK created sql view model stagging_stagging.stg_dim_sub_category_product  [[32mOK[0m in 0.07s]
[2026-01-17T14:02:35.762+0700] {subprocess.py:93} INFO - [0m07:02:35  7 of 8 START sql view model stagging_stagging.stg_dim_territory ................ [RUN]
[2026-01-17T14:02:35.827+0700] {subprocess.py:93} INFO - [0m07:02:35  7 of 8 OK created sql view model stagging_stagging.stg_dim_territory ........... [[32mOK[0m in 0.06s]
[2026-01-17T14:02:35.828+0700] {subprocess.py:93} INFO - [0m07:02:35  8 of 8 START sql view model stagging_stagging.stg_fact_sales ................... [RUN]
[2026-01-17T14:02:35.890+0700] {subprocess.py:93} INFO - [0m07:02:35  8 of 8 OK created sql view model stagging_stagging.stg_fact_sales .............. [[32mOK[0m in 0.06s]
[2026-01-17T14:02:35.892+0700] {subprocess.py:93} INFO - [0m07:02:35
[2026-01-17T14:02:35.893+0700] {subprocess.py:93} INFO - [0m07:02:35  Finished running 8 view models in 0 hours 0 minutes and 0.80 seconds (0.80s).
[2026-01-17T14:02:35.927+0700] {subprocess.py:93} INFO - [0m07:02:35
[2026-01-17T14:02:35.927+0700] {subprocess.py:93} INFO - [0m07:02:35  [32mCompleted successfully[0m
[2026-01-17T14:02:35.927+0700] {subprocess.py:93} INFO - [0m07:02:35
[2026-01-17T14:02:35.928+0700] {subprocess.py:93} INFO - [0m07:02:35  Done. PASS=8 WARN=0 ERROR=0 SKIP=0 NO-OP=0 TOTAL=8
[2026-01-17T14:02:37.880+0700] {subprocess.py:97} INFO - Command exited with return code 0
[2026-01-17T14:02:37.891+0700] {taskinstance.py:1138} INFO - Marking task as SUCCESS. dag_id=adventureworks_final, task_id=run_staging, execution_date=20260116T020000, start_date=20260117T070233, end_date=20260117T070237
[2026-01-17T14:02:37.926+0700] {local_task_job_runner.py:234} INFO - Task exited with return code 0
[2026-01-17T14:02:37.938+0700] {taskinstance.py:3281} INFO - 1 downstream tasks scheduled from follow-on schedule check
