[2026-01-17T14:04:19.005+0700] {taskinstance.py:1957} INFO - Dependencies all met for dep_context=non-requeueable deps ti=<TaskInstance: adventureworks_final.generate_docs scheduled__2026-01-16T02:00:00+00:00 [queued]>
[2026-01-17T14:04:19.008+0700] {taskinstance.py:1957} INFO - Dependencies all met for dep_context=requeueable deps ti=<TaskInstance: adventureworks_final.generate_docs scheduled__2026-01-16T02:00:00+00:00 [queued]>
[2026-01-17T14:04:19.008+0700] {taskinstance.py:2171} INFO - Starting attempt 1 of 2
[2026-01-17T14:04:19.015+0700] {taskinstance.py:2192} INFO - Executing <Task(BashOperator): generate_docs> on 2026-01-16 02:00:00+00:00
[2026-01-17T14:04:19.018+0700] {standard_task_runner.py:60} INFO - Started process 52216 to run task
[2026-01-17T14:04:19.022+0700] {standard_task_runner.py:87} INFO - Running: ['airflow', 'tasks', 'run', 'adventureworks_final', 'generate_docs', 'scheduled__2026-01-16T02:00:00+00:00', '--job-id', '23', '--raw', '--subdir', 'DAGS_FOLDER/adventureworks_etl_dag.py', '--cfg-path', '/var/folders/dh/drrkwhq5347_9fqxfjd_vm600000gn/T/tmppywvzpw4']
[2026-01-17T14:04:19.024+0700] {standard_task_runner.py:88} INFO - Job 23: Subtask generate_docs
[2026-01-17T14:04:19.046+0700] {task_command.py:423} INFO - Running <TaskInstance: adventureworks_final.generate_docs scheduled__2026-01-16T02:00:00+00:00 [running]> on host macbook-pro-2.fpt
[2026-01-17T14:04:19.071+0700] {taskinstance.py:2481} INFO - Exporting env vars: AIRFLOW_CTX_DAG_OWNER='kimhoang' AIRFLOW_CTX_DAG_ID='adventureworks_final' AIRFLOW_CTX_TASK_ID='generate_docs' AIRFLOW_CTX_EXECUTION_DATE='2026-01-16T02:00:00+00:00' AIRFLOW_CTX_TRY_NUMBER='1' AIRFLOW_CTX_DAG_RUN_ID='scheduled__2026-01-16T02:00:00+00:00'
[2026-01-17T14:04:19.072+0700] {subprocess.py:63} INFO - Tmp dir root location: /var/folders/dh/drrkwhq5347_9fqxfjd_vm600000gn/T
[2026-01-17T14:04:19.073+0700] {subprocess.py:75} INFO - Running command: ['/bin/bash', '-c', 'cd /Users/tukimhoang/Documents/AdventureWorks_DataWarehouse_Project/dbt && dbt docs generate --profiles-dir /Users/tukimhoang/.dbt']
[2026-01-17T14:04:19.077+0700] {subprocess.py:86} INFO - Output:
[2026-01-17T14:04:20.015+0700] {subprocess.py:93} INFO - [0m07:04:20  Running with dbt=1.11.2
[2026-01-17T14:04:20.290+0700] {subprocess.py:93} INFO - [0m07:04:20  Registered adapter: sqlserver=1.9.0
[2026-01-17T14:04:20.530+0700] {subprocess.py:93} INFO - [0m07:04:20  Found 25 models, 28 data tests, 8 sources, 538 macros
[2026-01-17T14:04:20.533+0700] {subprocess.py:93} INFO - [0m07:04:20
[2026-01-17T14:04:20.533+0700] {subprocess.py:93} INFO - [0m07:04:20  Concurrency: 1 threads (target='dev')
[2026-01-17T14:04:20.533+0700] {subprocess.py:93} INFO - [0m07:04:20
[2026-01-17T14:04:21.067+0700] {subprocess.py:93} INFO - [0m07:04:21  Building catalog
[2026-01-17T14:04:21.340+0700] {subprocess.py:93} INFO - [0m07:04:21  Catalog written to /Users/tukimhoang/Documents/AdventureWorks_DataWarehouse_Project/dbt/target/catalog.json
[2026-01-17T14:04:23.216+0700] {subprocess.py:97} INFO - Command exited with return code 0
[2026-01-17T14:04:23.228+0700] {taskinstance.py:1138} INFO - Marking task as SUCCESS. dag_id=adventureworks_final, task_id=generate_docs, execution_date=20260116T020000, start_date=20260117T070419, end_date=20260117T070423
[2026-01-17T14:04:23.254+0700] {local_task_job_runner.py:234} INFO - Task exited with return code 0
[2026-01-17T14:04:23.262+0700] {taskinstance.py:3281} INFO - 0 downstream tasks scheduled from follow-on schedule check
