[2026-01-19T12:11:01.309+0700] {taskinstance.py:1957} INFO - Dependencies all met for dep_context=non-requeueable deps ti=<TaskInstance: adventureworks_daily_1210pm.run_dimension_tables manual__2026-01-19T05:10:34.678796+00:00 [queued]>
[2026-01-19T12:11:01.312+0700] {taskinstance.py:1957} INFO - Dependencies all met for dep_context=requeueable deps ti=<TaskInstance: adventureworks_daily_1210pm.run_dimension_tables manual__2026-01-19T05:10:34.678796+00:00 [queued]>
[2026-01-19T12:11:01.312+0700] {taskinstance.py:2171} INFO - Starting attempt 1 of 3
[2026-01-19T12:11:01.317+0700] {taskinstance.py:2192} INFO - Executing <Task(BashOperator): run_dimension_tables> on 2026-01-19 05:10:34.678796+00:00
[2026-01-19T12:11:01.320+0700] {standard_task_runner.py:60} INFO - Started process 74750 to run task
[2026-01-19T12:11:01.324+0700] {standard_task_runner.py:87} INFO - Running: ['airflow', 'tasks', 'run', 'adventureworks_daily_1210pm', 'run_dimension_tables', 'manual__2026-01-19T05:10:34.678796+00:00', '--job-id', '43', '--raw', '--subdir', 'DAGS_FOLDER/adventureworks_etl_dag.py', '--cfg-path', '/var/folders/dh/drrkwhq5347_9fqxfjd_vm600000gn/T/tmpv09ghef7']
[2026-01-19T12:11:01.326+0700] {standard_task_runner.py:88} INFO - Job 43: Subtask run_dimension_tables
[2026-01-19T12:11:01.345+0700] {task_command.py:423} INFO - Running <TaskInstance: adventureworks_daily_1210pm.run_dimension_tables manual__2026-01-19T05:10:34.678796+00:00 [running]> on host macbook-pro-2.fpt
[2026-01-19T12:11:01.370+0700] {taskinstance.py:2481} INFO - Exporting env vars: AIRFLOW_CTX_DAG_OWNER='kimhoang' AIRFLOW_CTX_DAG_ID='adventureworks_daily_1210pm' AIRFLOW_CTX_TASK_ID='run_dimension_tables' AIRFLOW_CTX_EXECUTION_DATE='2026-01-19T05:10:34.678796+00:00' AIRFLOW_CTX_TRY_NUMBER='1' AIRFLOW_CTX_DAG_RUN_ID='manual__2026-01-19T05:10:34.678796+00:00'
[2026-01-19T12:11:01.371+0700] {subprocess.py:63} INFO - Tmp dir root location: /var/folders/dh/drrkwhq5347_9fqxfjd_vm600000gn/T
[2026-01-19T12:11:01.371+0700] {subprocess.py:75} INFO - Running command: ['/bin/bash', '-c', 'cd /Users/tukimhoang/Documents/AdventureWorks_DataWarehouse_Project/dbt && dbt run --select dim_category_product dim_customer dim_employee dim_product dim_store dim_subcategory_product dim_territory --profiles-dir /Users/tukimhoang/.dbt']
[2026-01-19T12:11:01.375+0700] {subprocess.py:86} INFO - Output:
[2026-01-19T12:11:02.316+0700] {subprocess.py:93} INFO - [0m05:11:02  Running with dbt=1.11.2
[2026-01-19T12:11:02.594+0700] {subprocess.py:93} INFO - [0m05:11:02  Registered adapter: sqlserver=1.9.0
[2026-01-19T12:11:02.909+0700] {subprocess.py:93} INFO - [0m05:11:02  Found 25 models, 28 data tests, 8 sources, 538 macros
[2026-01-19T12:11:02.912+0700] {subprocess.py:93} INFO - [0m05:11:02
[2026-01-19T12:11:02.912+0700] {subprocess.py:93} INFO - [0m05:11:02  Concurrency: 1 threads (target='dev')
[2026-01-19T12:11:02.912+0700] {subprocess.py:93} INFO - [0m05:11:02
[2026-01-19T12:11:03.032+0700] {subprocess.py:93} INFO - [0m05:11:03  1 of 7 START sql table model stagging_dw.DIM_Category_Product .................. [RUN]
[2026-01-19T12:11:03.196+0700] {subprocess.py:93} INFO - [0m05:11:03  1 of 7 OK created sql table model stagging_dw.DIM_Category_Product ............. [[32mOK[0m in 0.16s]
[2026-01-19T12:11:03.197+0700] {subprocess.py:93} INFO - [0m05:11:03  2 of 7 START sql table model stagging_dw.DIM_Customer .......................... [RUN]
[2026-01-19T12:11:03.300+0700] {subprocess.py:93} INFO - [0m05:11:03  2 of 7 OK created sql table model stagging_dw.DIM_Customer ..................... [[32mOK[0m in 0.10s]
[2026-01-19T12:11:03.301+0700] {subprocess.py:93} INFO - [0m05:11:03  3 of 7 START sql table model stagging_dw.DIM_Employee .......................... [RUN]
[2026-01-19T12:11:03.408+0700] {subprocess.py:93} INFO - [0m05:11:03  3 of 7 OK created sql table model stagging_dw.DIM_Employee ..................... [[32mOK[0m in 0.11s]
[2026-01-19T12:11:03.409+0700] {subprocess.py:93} INFO - [0m05:11:03  4 of 7 START sql table model stagging_dw.DIM_Product ........................... [RUN]
[2026-01-19T12:11:03.569+0700] {subprocess.py:93} INFO - [0m05:11:03  4 of 7 OK created sql table model stagging_dw.DIM_Product ...................... [[32mOK[0m in 0.16s]
[2026-01-19T12:11:03.570+0700] {subprocess.py:93} INFO - [0m05:11:03  5 of 7 START sql table model stagging_dw.DIM_Store ............................. [RUN]
[2026-01-19T12:11:03.669+0700] {subprocess.py:93} INFO - [0m05:11:03  5 of 7 OK created sql table model stagging_dw.DIM_Store ........................ [[32mOK[0m in 0.10s]
[2026-01-19T12:11:03.670+0700] {subprocess.py:93} INFO - [0m05:11:03  6 of 7 START sql table model stagging_dw.DIM_SubCategory_Product ............... [RUN]
[2026-01-19T12:11:03.769+0700] {subprocess.py:93} INFO - [0m05:11:03  6 of 7 OK created sql table model stagging_dw.DIM_SubCategory_Product .......... [[32mOK[0m in 0.10s]
[2026-01-19T12:11:03.770+0700] {subprocess.py:93} INFO - [0m05:11:03  7 of 7 START sql table model stagging_dw.DIM_Territory ......................... [RUN]
[2026-01-19T12:11:03.877+0700] {subprocess.py:93} INFO - [0m05:11:03  7 of 7 OK created sql table model stagging_dw.DIM_Territory .................... [[32mOK[0m in 0.11s]
[2026-01-19T12:11:03.880+0700] {subprocess.py:93} INFO - [0m05:11:03
[2026-01-19T12:11:03.880+0700] {subprocess.py:93} INFO - [0m05:11:03  Finished running 7 table models in 0 hours 0 minutes and 0.97 seconds (0.97s).
[2026-01-19T12:11:03.916+0700] {subprocess.py:93} INFO - [0m05:11:03
[2026-01-19T12:11:03.917+0700] {subprocess.py:93} INFO - [0m05:11:03  [32mCompleted successfully[0m
[2026-01-19T12:11:03.917+0700] {subprocess.py:93} INFO - [0m05:11:03
[2026-01-19T12:11:03.917+0700] {subprocess.py:93} INFO - [0m05:11:03  Done. PASS=7 WARN=0 ERROR=0 SKIP=0 NO-OP=0 TOTAL=7
[2026-01-19T12:11:10.435+0700] {subprocess.py:97} INFO - Command exited with return code 0
[2026-01-19T12:11:10.447+0700] {taskinstance.py:1138} INFO - Marking task as SUCCESS. dag_id=adventureworks_daily_1210pm, task_id=run_dimension_tables, execution_date=20260119T051034, start_date=20260119T051101, end_date=20260119T051110
[2026-01-19T12:11:10.467+0700] {local_task_job_runner.py:234} INFO - Task exited with return code 0
[2026-01-19T12:11:10.478+0700] {taskinstance.py:3281} INFO - 1 downstream tasks scheduled from follow-on schedule check
