[2026-01-19T12:11:12.932+0700] {taskinstance.py:1957} INFO - Dependencies all met for dep_context=non-requeueable deps ti=<TaskInstance: adventureworks_daily_1210pm.run_fact_table manual__2026-01-19T05:10:34.678796+00:00 [queued]>
[2026-01-19T12:11:12.934+0700] {taskinstance.py:1957} INFO - Dependencies all met for dep_context=requeueable deps ti=<TaskInstance: adventureworks_daily_1210pm.run_fact_table manual__2026-01-19T05:10:34.678796+00:00 [queued]>
[2026-01-19T12:11:12.934+0700] {taskinstance.py:2171} INFO - Starting attempt 1 of 3
[2026-01-19T12:11:12.940+0700] {taskinstance.py:2192} INFO - Executing <Task(BashOperator): run_fact_table> on 2026-01-19 05:10:34.678796+00:00
[2026-01-19T12:11:12.943+0700] {standard_task_runner.py:60} INFO - Started process 74842 to run task
[2026-01-19T12:11:12.947+0700] {standard_task_runner.py:87} INFO - Running: ['airflow', 'tasks', 'run', 'adventureworks_daily_1210pm', 'run_fact_table', 'manual__2026-01-19T05:10:34.678796+00:00', '--job-id', '44', '--raw', '--subdir', 'DAGS_FOLDER/adventureworks_etl_dag.py', '--cfg-path', '/var/folders/dh/drrkwhq5347_9fqxfjd_vm600000gn/T/tmpp84cyup2']
[2026-01-19T12:11:12.949+0700] {standard_task_runner.py:88} INFO - Job 44: Subtask run_fact_table
[2026-01-19T12:11:12.967+0700] {task_command.py:423} INFO - Running <TaskInstance: adventureworks_daily_1210pm.run_fact_table manual__2026-01-19T05:10:34.678796+00:00 [running]> on host macbook-pro-2.fpt
[2026-01-19T12:11:12.992+0700] {taskinstance.py:2481} INFO - Exporting env vars: AIRFLOW_CTX_DAG_OWNER='kimhoang' AIRFLOW_CTX_DAG_ID='adventureworks_daily_1210pm' AIRFLOW_CTX_TASK_ID='run_fact_table' AIRFLOW_CTX_EXECUTION_DATE='2026-01-19T05:10:34.678796+00:00' AIRFLOW_CTX_TRY_NUMBER='1' AIRFLOW_CTX_DAG_RUN_ID='manual__2026-01-19T05:10:34.678796+00:00'
[2026-01-19T12:11:12.993+0700] {subprocess.py:63} INFO - Tmp dir root location: /var/folders/dh/drrkwhq5347_9fqxfjd_vm600000gn/T
[2026-01-19T12:11:12.993+0700] {subprocess.py:75} INFO - Running command: ['/bin/bash', '-c', 'cd /Users/tukimhoang/Documents/AdventureWorks_DataWarehouse_Project/dbt && dbt run --select fact_sales --profiles-dir /Users/tukimhoang/.dbt']
[2026-01-19T12:11:12.998+0700] {subprocess.py:86} INFO - Output:
[2026-01-19T12:11:13.944+0700] {subprocess.py:93} INFO - [0m05:11:13  Running with dbt=1.11.2
[2026-01-19T12:11:14.226+0700] {subprocess.py:93} INFO - [0m05:11:14  Registered adapter: sqlserver=1.9.0
[2026-01-19T12:11:14.540+0700] {subprocess.py:93} INFO - [0m05:11:14  Found 25 models, 28 data tests, 8 sources, 538 macros
[2026-01-19T12:11:14.542+0700] {subprocess.py:93} INFO - [0m05:11:14
[2026-01-19T12:11:14.542+0700] {subprocess.py:93} INFO - [0m05:11:14  Concurrency: 1 threads (target='dev')
[2026-01-19T12:11:14.542+0700] {subprocess.py:93} INFO - [0m05:11:14
[2026-01-19T12:11:14.665+0700] {subprocess.py:93} INFO - [0m05:11:14  1 of 1 START sql incremental model stagging_dw.FACT_Sales ...................... [RUN]
[2026-01-19T12:11:16.283+0700] {subprocess.py:93} INFO - [0m05:11:16  1 of 1 OK created sql incremental model stagging_dw.FACT_Sales ................. [[32mOK[0m in 1.62s]
[2026-01-19T12:11:16.285+0700] {subprocess.py:93} INFO - [0m05:11:16
[2026-01-19T12:11:16.286+0700] {subprocess.py:93} INFO - [0m05:11:16  Finished running 1 incremental model in 0 hours 0 minutes and 1.74 seconds (1.74s).
[2026-01-19T12:11:16.319+0700] {subprocess.py:93} INFO - [0m05:11:16
[2026-01-19T12:11:16.319+0700] {subprocess.py:93} INFO - [0m05:11:16  [32mCompleted successfully[0m
[2026-01-19T12:11:16.319+0700] {subprocess.py:93} INFO - [0m05:11:16
[2026-01-19T12:11:16.320+0700] {subprocess.py:93} INFO - [0m05:11:16  Done. PASS=1 WARN=0 ERROR=0 SKIP=0 NO-OP=0 TOTAL=1
[2026-01-19T12:11:17.931+0700] {subprocess.py:97} INFO - Command exited with return code 0
[2026-01-19T12:11:17.943+0700] {taskinstance.py:1138} INFO - Marking task as SUCCESS. dag_id=adventureworks_daily_1210pm, task_id=run_fact_table, execution_date=20260119T051034, start_date=20260119T051112, end_date=20260119T051117
[2026-01-19T12:11:17.951+0700] {local_task_job_runner.py:234} INFO - Task exited with return code 0
[2026-01-19T12:11:17.962+0700] {taskinstance.py:3281} INFO - 1 downstream tasks scheduled from follow-on schedule check
