[2026-01-17T14:03:03.664+0700] {taskinstance.py:1957} INFO - Dependencies all met for dep_context=non-requeueable deps ti=<TaskInstance: adventureworks_final.run_intermediate manual__2026-01-17T07:00:13.457598+00:00 [queued]>
[2026-01-17T14:03:03.668+0700] {taskinstance.py:1957} INFO - Dependencies all met for dep_context=requeueable deps ti=<TaskInstance: adventureworks_final.run_intermediate manual__2026-01-17T07:00:13.457598+00:00 [queued]>
[2026-01-17T14:03:03.668+0700] {taskinstance.py:2171} INFO - Starting attempt 1 of 2
[2026-01-17T14:03:03.674+0700] {taskinstance.py:2192} INFO - Executing <Task(BashOperator): run_intermediate> on 2026-01-17 07:00:13.457598+00:00
[2026-01-17T14:03:03.678+0700] {standard_task_runner.py:60} INFO - Started process 51573 to run task
[2026-01-17T14:03:03.682+0700] {standard_task_runner.py:87} INFO - Running: ['airflow', 'tasks', 'run', 'adventureworks_final', 'run_intermediate', 'manual__2026-01-17T07:00:13.457598+00:00', '--job-id', '10', '--raw', '--subdir', 'DAGS_FOLDER/adventureworks_etl_dag.py', '--cfg-path', '/var/folders/dh/drrkwhq5347_9fqxfjd_vm600000gn/T/tmp_w74f75r']
[2026-01-17T14:03:03.684+0700] {standard_task_runner.py:88} INFO - Job 10: Subtask run_intermediate
[2026-01-17T14:03:03.703+0700] {task_command.py:423} INFO - Running <TaskInstance: adventureworks_final.run_intermediate manual__2026-01-17T07:00:13.457598+00:00 [running]> on host macbook-pro-2.fpt
[2026-01-17T14:03:03.728+0700] {taskinstance.py:2481} INFO - Exporting env vars: AIRFLOW_CTX_DAG_OWNER='kimhoang' AIRFLOW_CTX_DAG_ID='adventureworks_final' AIRFLOW_CTX_TASK_ID='run_intermediate' AIRFLOW_CTX_EXECUTION_DATE='2026-01-17T07:00:13.457598+00:00' AIRFLOW_CTX_TRY_NUMBER='1' AIRFLOW_CTX_DAG_RUN_ID='manual__2026-01-17T07:00:13.457598+00:00'
[2026-01-17T14:03:03.728+0700] {subprocess.py:63} INFO - Tmp dir root location: /var/folders/dh/drrkwhq5347_9fqxfjd_vm600000gn/T
[2026-01-17T14:03:03.729+0700] {subprocess.py:75} INFO - Running command: ['/bin/bash', '-c', 'cd /Users/tukimhoang/Documents/AdventureWorks_DataWarehouse_Project/dbt && dbt run --select intermediate --profiles-dir /Users/tukimhoang/.dbt']
[2026-01-17T14:03:03.733+0700] {subprocess.py:86} INFO - Output:
[2026-01-17T14:03:04.667+0700] {subprocess.py:93} INFO - [0m07:03:04  Running with dbt=1.11.2
[2026-01-17T14:03:04.948+0700] {subprocess.py:93} INFO - [0m07:03:04  Registered adapter: sqlserver=1.9.0
[2026-01-17T14:03:05.273+0700] {subprocess.py:93} INFO - [0m07:03:05  Found 25 models, 28 data tests, 8 sources, 538 macros
[2026-01-17T14:03:05.274+0700] {subprocess.py:93} INFO - [0m07:03:05
[2026-01-17T14:03:05.275+0700] {subprocess.py:93} INFO - [0m07:03:05  Concurrency: 1 threads (target='dev')
[2026-01-17T14:03:05.275+0700] {subprocess.py:93} INFO - [0m07:03:05
[2026-01-17T14:03:05.411+0700] {subprocess.py:93} INFO - [0m07:03:05  1 of 1 START sql table model stagging_intermediate.int_dim_product ............. [RUN]
[2026-01-17T14:03:05.559+0700] {subprocess.py:93} INFO - [0m07:03:05  1 of 1 OK created sql table model stagging_intermediate.int_dim_product ........ [[32mOK[0m in 0.15s]
[2026-01-17T14:03:05.583+0700] {subprocess.py:93} INFO - [0m07:03:05
[2026-01-17T14:03:05.583+0700] {subprocess.py:93} INFO - [0m07:03:05  Finished running 1 table model in 0 hours 0 minutes and 0.31 seconds (0.31s).
[2026-01-17T14:03:05.615+0700] {subprocess.py:93} INFO - [0m07:03:05
[2026-01-17T14:03:05.615+0700] {subprocess.py:93} INFO - [0m07:03:05  [32mCompleted successfully[0m
[2026-01-17T14:03:05.615+0700] {subprocess.py:93} INFO - [0m07:03:05
[2026-01-17T14:03:05.616+0700] {subprocess.py:93} INFO - [0m07:03:05  Done. PASS=1 WARN=0 ERROR=0 SKIP=0 NO-OP=0 TOTAL=1
[2026-01-17T14:03:07.422+0700] {subprocess.py:97} INFO - Command exited with return code 0
[2026-01-17T14:03:07.433+0700] {taskinstance.py:1138} INFO - Marking task as SUCCESS. dag_id=adventureworks_final, task_id=run_intermediate, execution_date=20260117T070013, start_date=20260117T070303, end_date=20260117T070307
[2026-01-17T14:03:07.464+0700] {local_task_job_runner.py:234} INFO - Task exited with return code 0
[2026-01-17T14:03:07.477+0700] {taskinstance.py:3281} INFO - 1 downstream tasks scheduled from follow-on schedule check
