[2026-01-19T12:10:44.786+0700] {taskinstance.py:1957} INFO - Dependencies all met for dep_context=non-requeueable deps ti=<TaskInstance: adventureworks_daily_1210pm.run_staging_layer manual__2026-01-19T05:10:34.678796+00:00 [queued]>
[2026-01-19T12:10:44.790+0700] {taskinstance.py:1957} INFO - Dependencies all met for dep_context=requeueable deps ti=<TaskInstance: adventureworks_daily_1210pm.run_staging_layer manual__2026-01-19T05:10:34.678796+00:00 [queued]>
[2026-01-19T12:10:44.790+0700] {taskinstance.py:2171} INFO - Starting attempt 1 of 3
[2026-01-19T12:10:44.795+0700] {taskinstance.py:2192} INFO - Executing <Task(BashOperator): run_staging_layer> on 2026-01-19 05:10:34.678796+00:00
[2026-01-19T12:10:44.799+0700] {standard_task_runner.py:60} INFO - Started process 74612 to run task
[2026-01-19T12:10:44.803+0700] {standard_task_runner.py:87} INFO - Running: ['airflow', 'tasks', 'run', 'adventureworks_daily_1210pm', 'run_staging_layer', 'manual__2026-01-19T05:10:34.678796+00:00', '--job-id', '40', '--raw', '--subdir', 'DAGS_FOLDER/adventureworks_etl_dag.py', '--cfg-path', '/var/folders/dh/drrkwhq5347_9fqxfjd_vm600000gn/T/tmpwbmrmjd7']
[2026-01-19T12:10:44.805+0700] {standard_task_runner.py:88} INFO - Job 40: Subtask run_staging_layer
[2026-01-19T12:10:44.824+0700] {task_command.py:423} INFO - Running <TaskInstance: adventureworks_daily_1210pm.run_staging_layer manual__2026-01-19T05:10:34.678796+00:00 [running]> on host macbook-pro-2.fpt
[2026-01-19T12:10:44.848+0700] {taskinstance.py:2481} INFO - Exporting env vars: AIRFLOW_CTX_DAG_OWNER='kimhoang' AIRFLOW_CTX_DAG_ID='adventureworks_daily_1210pm' AIRFLOW_CTX_TASK_ID='run_staging_layer' AIRFLOW_CTX_EXECUTION_DATE='2026-01-19T05:10:34.678796+00:00' AIRFLOW_CTX_TRY_NUMBER='1' AIRFLOW_CTX_DAG_RUN_ID='manual__2026-01-19T05:10:34.678796+00:00'
[2026-01-19T12:10:44.849+0700] {subprocess.py:63} INFO - Tmp dir root location: /var/folders/dh/drrkwhq5347_9fqxfjd_vm600000gn/T
[2026-01-19T12:10:44.850+0700] {subprocess.py:75} INFO - Running command: ['/bin/bash', '-c', 'cd /Users/tukimhoang/Documents/AdventureWorks_DataWarehouse_Project/dbt && dbt run --select staging --profiles-dir /Users/tukimhoang/.dbt']
[2026-01-19T12:10:44.854+0700] {subprocess.py:86} INFO - Output:
[2026-01-19T12:10:45.792+0700] {subprocess.py:93} INFO - [0m05:10:45  Running with dbt=1.11.2
[2026-01-19T12:10:46.075+0700] {subprocess.py:93} INFO - [0m05:10:46  Registered adapter: sqlserver=1.9.0
[2026-01-19T12:10:46.410+0700] {subprocess.py:93} INFO - [0m05:10:46  Found 25 models, 28 data tests, 8 sources, 538 macros
[2026-01-19T12:10:46.411+0700] {subprocess.py:93} INFO - [0m05:10:46
[2026-01-19T12:10:46.412+0700] {subprocess.py:93} INFO - [0m05:10:46  Concurrency: 1 threads (target='dev')
[2026-01-19T12:10:46.412+0700] {subprocess.py:93} INFO - [0m05:10:46
[2026-01-19T12:10:46.615+0700] {subprocess.py:93} INFO - [0m05:10:46  1 of 8 START sql view model stagging_stagging.stg_dim_cat_product .............. [RUN]
[2026-01-19T12:10:46.969+0700] {subprocess.py:93} INFO - [0m05:10:46  1 of 8 OK created sql view model stagging_stagging.stg_dim_cat_product ......... [[32mOK[0m in 0.35s]
[2026-01-19T12:10:46.970+0700] {subprocess.py:93} INFO - [0m05:10:46  2 of 8 START sql view model stagging_stagging.stg_dim_customer ................. [RUN]
[2026-01-19T12:10:47.030+0700] {subprocess.py:93} INFO - [0m05:10:47  2 of 8 OK created sql view model stagging_stagging.stg_dim_customer ............ [[32mOK[0m in 0.06s]
[2026-01-19T12:10:47.031+0700] {subprocess.py:93} INFO - [0m05:10:47  3 of 8 START sql view model stagging_stagging.stg_dim_employee ................. [RUN]
[2026-01-19T12:10:47.090+0700] {subprocess.py:93} INFO - [0m05:10:47  3 of 8 OK created sql view model stagging_stagging.stg_dim_employee ............ [[32mOK[0m in 0.06s]
[2026-01-19T12:10:47.091+0700] {subprocess.py:93} INFO - [0m05:10:47  4 of 8 START sql view model stagging_stagging.stg_dim_product .................. [RUN]
[2026-01-19T12:10:47.148+0700] {subprocess.py:93} INFO - [0m05:10:47  4 of 8 OK created sql view model stagging_stagging.stg_dim_product ............. [[32mOK[0m in 0.06s]
[2026-01-19T12:10:47.149+0700] {subprocess.py:93} INFO - [0m05:10:47  5 of 8 START sql view model stagging_stagging.stg_dim_store .................... [RUN]
[2026-01-19T12:10:47.264+0700] {subprocess.py:93} INFO - [0m05:10:47  5 of 8 OK created sql view model stagging_stagging.stg_dim_store ............... [[32mOK[0m in 0.11s]
[2026-01-19T12:10:47.265+0700] {subprocess.py:93} INFO - [0m05:10:47  6 of 8 START sql view model stagging_stagging.stg_dim_sub_category_product ..... [RUN]
[2026-01-19T12:10:47.323+0700] {subprocess.py:93} INFO - [0m05:10:47  6 of 8 OK created sql view model stagging_stagging.stg_dim_sub_category_product  [[32mOK[0m in 0.06s]
[2026-01-19T12:10:47.324+0700] {subprocess.py:93} INFO - [0m05:10:47  7 of 8 START sql view model stagging_stagging.stg_dim_territory ................ [RUN]
[2026-01-19T12:10:47.381+0700] {subprocess.py:93} INFO - [0m05:10:47  7 of 8 OK created sql view model stagging_stagging.stg_dim_territory ........... [[32mOK[0m in 0.06s]
[2026-01-19T12:10:47.382+0700] {subprocess.py:93} INFO - [0m05:10:47  8 of 8 START sql view model stagging_stagging.stg_fact_sales ................... [RUN]
[2026-01-19T12:10:47.442+0700] {subprocess.py:93} INFO - [0m05:10:47  8 of 8 OK created sql view model stagging_stagging.stg_fact_sales .............. [[32mOK[0m in 0.06s]
[2026-01-19T12:10:47.444+0700] {subprocess.py:93} INFO - [0m05:10:47
[2026-01-19T12:10:47.444+0700] {subprocess.py:93} INFO - [0m05:10:47  Finished running 8 view models in 0 hours 0 minutes and 1.03 seconds (1.03s).
[2026-01-19T12:10:47.482+0700] {subprocess.py:93} INFO - [0m05:10:47
[2026-01-19T12:10:47.483+0700] {subprocess.py:93} INFO - [0m05:10:47  [32mCompleted successfully[0m
[2026-01-19T12:10:47.483+0700] {subprocess.py:93} INFO - [0m05:10:47
[2026-01-19T12:10:47.483+0700] {subprocess.py:93} INFO - [0m05:10:47  Done. PASS=8 WARN=0 ERROR=0 SKIP=0 NO-OP=0 TOTAL=8
[2026-01-19T12:10:49.242+0700] {subprocess.py:97} INFO - Command exited with return code 0
[2026-01-19T12:10:49.252+0700] {taskinstance.py:1138} INFO - Marking task as SUCCESS. dag_id=adventureworks_daily_1210pm, task_id=run_staging_layer, execution_date=20260119T051034, start_date=20260119T051044, end_date=20260119T051049
[2026-01-19T12:10:49.279+0700] {local_task_job_runner.py:234} INFO - Task exited with return code 0
[2026-01-19T12:10:49.291+0700] {taskinstance.py:3281} INFO - 1 downstream tasks scheduled from follow-on schedule check
