[2026-01-19T12:28:05.433+0700] {taskinstance.py:1957} INFO - Dependencies all met for dep_context=non-requeueable deps ti=<TaskInstance: adventureworks_daily_1210pm.generate_dbt_docs manual__2026-01-19T05:27:20.711813+00:00 [queued]>
[2026-01-19T12:28:05.436+0700] {taskinstance.py:1957} INFO - Dependencies all met for dep_context=requeueable deps ti=<TaskInstance: adventureworks_daily_1210pm.generate_dbt_docs manual__2026-01-19T05:27:20.711813+00:00 [queued]>
[2026-01-19T12:28:05.436+0700] {taskinstance.py:2171} INFO - Starting attempt 1 of 3
[2026-01-19T12:28:05.441+0700] {taskinstance.py:2192} INFO - Executing <Task(BashOperator): generate_dbt_docs> on 2026-01-19 05:27:20.711813+00:00
[2026-01-19T12:28:05.445+0700] {standard_task_runner.py:60} INFO - Started process 81789 to run task
[2026-01-19T12:28:05.449+0700] {standard_task_runner.py:87} INFO - Running: ['airflow', 'tasks', 'run', 'adventureworks_daily_1210pm', 'generate_dbt_docs', 'manual__2026-01-19T05:27:20.711813+00:00', '--job-id', '57', '--raw', '--subdir', 'DAGS_FOLDER/adventureworks_etl_dag.py', '--cfg-path', '/var/folders/dh/drrkwhq5347_9fqxfjd_vm600000gn/T/tmpjewx3w2i']
[2026-01-19T12:28:05.451+0700] {standard_task_runner.py:88} INFO - Job 57: Subtask generate_dbt_docs
[2026-01-19T12:28:05.470+0700] {task_command.py:423} INFO - Running <TaskInstance: adventureworks_daily_1210pm.generate_dbt_docs manual__2026-01-19T05:27:20.711813+00:00 [running]> on host macbook-pro-2.fpt
[2026-01-19T12:28:05.500+0700] {taskinstance.py:2481} INFO - Exporting env vars: AIRFLOW_CTX_DAG_OWNER='kimhoang' AIRFLOW_CTX_DAG_ID='adventureworks_daily_1210pm' AIRFLOW_CTX_TASK_ID='generate_dbt_docs' AIRFLOW_CTX_EXECUTION_DATE='2026-01-19T05:27:20.711813+00:00' AIRFLOW_CTX_TRY_NUMBER='1' AIRFLOW_CTX_DAG_RUN_ID='manual__2026-01-19T05:27:20.711813+00:00'
[2026-01-19T12:28:05.501+0700] {subprocess.py:63} INFO - Tmp dir root location: /var/folders/dh/drrkwhq5347_9fqxfjd_vm600000gn/T
[2026-01-19T12:28:05.501+0700] {subprocess.py:75} INFO - Running command: ['/bin/bash', '-c', 'cd /Users/tukimhoang/Documents/AdventureWorks_DataWarehouse_Project/dbt && dbt docs generate --profiles-dir /Users/tukimhoang/.dbt']
[2026-01-19T12:28:05.506+0700] {subprocess.py:86} INFO - Output:
[2026-01-19T12:28:06.501+0700] {subprocess.py:93} INFO - [0m05:28:06  Running with dbt=1.11.2
[2026-01-19T12:28:06.788+0700] {subprocess.py:93} INFO - [0m05:28:06  Registered adapter: sqlserver=1.9.0
[2026-01-19T12:28:07.043+0700] {subprocess.py:93} INFO - [0m05:28:07  Found 25 models, 28 data tests, 8 sources, 538 macros
[2026-01-19T12:28:07.046+0700] {subprocess.py:93} INFO - [0m05:28:07
[2026-01-19T12:28:07.046+0700] {subprocess.py:93} INFO - [0m05:28:07  Concurrency: 1 threads (target='dev')
[2026-01-19T12:28:07.046+0700] {subprocess.py:93} INFO - [0m05:28:07
[2026-01-19T12:28:07.568+0700] {subprocess.py:93} INFO - [0m05:28:07  Building catalog
[2026-01-19T12:28:07.803+0700] {subprocess.py:93} INFO - [0m05:28:07  Catalog written to /Users/tukimhoang/Documents/AdventureWorks_DataWarehouse_Project/dbt/target/catalog.json
[2026-01-19T12:28:09.246+0700] {subprocess.py:97} INFO - Command exited with return code 0
[2026-01-19T12:28:09.257+0700] {taskinstance.py:1138} INFO - Marking task as SUCCESS. dag_id=adventureworks_daily_1210pm, task_id=generate_dbt_docs, execution_date=20260119T052720, start_date=20260119T052805, end_date=20260119T052809
[2026-01-19T12:28:09.276+0700] {local_task_job_runner.py:234} INFO - Task exited with return code 0
[2026-01-19T12:28:09.287+0700] {taskinstance.py:3281} INFO - 1 downstream tasks scheduled from follow-on schedule check
