[2026-01-17T14:03:49.387+0700] {taskinstance.py:1957} INFO - Dependencies all met for dep_context=non-requeueable deps ti=<TaskInstance: adventureworks_final.run_fact manual__2026-01-17T06:59:37.069382+00:00 [queued]>
[2026-01-17T14:03:49.390+0700] {taskinstance.py:1957} INFO - Dependencies all met for dep_context=requeueable deps ti=<TaskInstance: adventureworks_final.run_fact manual__2026-01-17T06:59:37.069382+00:00 [queued]>
[2026-01-17T14:03:49.390+0700] {taskinstance.py:2171} INFO - Starting attempt 1 of 2
[2026-01-17T14:03:49.397+0700] {taskinstance.py:2192} INFO - Executing <Task(BashOperator): run_fact> on 2026-01-17 06:59:37.069382+00:00
[2026-01-17T14:03:49.400+0700] {standard_task_runner.py:60} INFO - Started process 51957 to run task
[2026-01-17T14:03:49.404+0700] {standard_task_runner.py:87} INFO - Running: ['airflow', 'tasks', 'run', 'adventureworks_final', 'run_fact', 'manual__2026-01-17T06:59:37.069382+00:00', '--job-id', '18', '--raw', '--subdir', 'DAGS_FOLDER/adventureworks_etl_dag.py', '--cfg-path', '/var/folders/dh/drrkwhq5347_9fqxfjd_vm600000gn/T/tmp7l5evrje']
[2026-01-17T14:03:49.406+0700] {standard_task_runner.py:88} INFO - Job 18: Subtask run_fact
[2026-01-17T14:03:49.426+0700] {task_command.py:423} INFO - Running <TaskInstance: adventureworks_final.run_fact manual__2026-01-17T06:59:37.069382+00:00 [running]> on host macbook-pro-2.fpt
[2026-01-17T14:03:49.451+0700] {taskinstance.py:2481} INFO - Exporting env vars: AIRFLOW_CTX_DAG_OWNER='kimhoang' AIRFLOW_CTX_DAG_ID='adventureworks_final' AIRFLOW_CTX_TASK_ID='run_fact' AIRFLOW_CTX_EXECUTION_DATE='2026-01-17T06:59:37.069382+00:00' AIRFLOW_CTX_TRY_NUMBER='1' AIRFLOW_CTX_DAG_RUN_ID='manual__2026-01-17T06:59:37.069382+00:00'
[2026-01-17T14:03:49.452+0700] {subprocess.py:63} INFO - Tmp dir root location: /var/folders/dh/drrkwhq5347_9fqxfjd_vm600000gn/T
[2026-01-17T14:03:49.452+0700] {subprocess.py:75} INFO - Running command: ['/bin/bash', '-c', 'cd /Users/tukimhoang/Documents/AdventureWorks_DataWarehouse_Project/dbt && dbt run --select fact_sales --profiles-dir /Users/tukimhoang/.dbt']
[2026-01-17T14:03:49.456+0700] {subprocess.py:86} INFO - Output:
[2026-01-17T14:03:50.403+0700] {subprocess.py:93} INFO - [0m07:03:50  Running with dbt=1.11.2
[2026-01-17T14:03:50.685+0700] {subprocess.py:93} INFO - [0m07:03:50  Registered adapter: sqlserver=1.9.0
[2026-01-17T14:03:51.003+0700] {subprocess.py:93} INFO - [0m07:03:51  Found 25 models, 28 data tests, 8 sources, 538 macros
[2026-01-17T14:03:51.005+0700] {subprocess.py:93} INFO - [0m07:03:51
[2026-01-17T14:03:51.005+0700] {subprocess.py:93} INFO - [0m07:03:51  Concurrency: 1 threads (target='dev')
[2026-01-17T14:03:51.005+0700] {subprocess.py:93} INFO - [0m07:03:51
[2026-01-17T14:03:51.132+0700] {subprocess.py:93} INFO - [0m07:03:51  1 of 1 START sql incremental model stagging_dw.FACT_Sales ...................... [RUN]
[2026-01-17T14:03:52.578+0700] {subprocess.py:93} INFO - [0m07:03:52  1 of 1 OK created sql incremental model stagging_dw.FACT_Sales ................. [[32mOK[0m in 1.44s]
[2026-01-17T14:03:52.580+0700] {subprocess.py:93} INFO - [0m07:03:52
[2026-01-17T14:03:52.580+0700] {subprocess.py:93} INFO - [0m07:03:52  Finished running 1 incremental model in 0 hours 0 minutes and 1.57 seconds (1.57s).
[2026-01-17T14:03:52.615+0700] {subprocess.py:93} INFO - [0m07:03:52
[2026-01-17T14:03:52.615+0700] {subprocess.py:93} INFO - [0m07:03:52  [32mCompleted successfully[0m
[2026-01-17T14:03:52.615+0700] {subprocess.py:93} INFO - [0m07:03:52
[2026-01-17T14:03:52.616+0700] {subprocess.py:93} INFO - [0m07:03:52  Done. PASS=1 WARN=0 ERROR=0 SKIP=0 NO-OP=0 TOTAL=1
[2026-01-17T14:03:54.143+0700] {subprocess.py:97} INFO - Command exited with return code 0
[2026-01-17T14:03:54.154+0700] {taskinstance.py:1138} INFO - Marking task as SUCCESS. dag_id=adventureworks_final, task_id=run_fact, execution_date=20260117T065937, start_date=20260117T070349, end_date=20260117T070354
[2026-01-17T14:03:54.174+0700] {local_task_job_runner.py:234} INFO - Task exited with return code 0
[2026-01-17T14:03:54.186+0700] {taskinstance.py:3281} INFO - 1 downstream tasks scheduled from follow-on schedule check
