[2026-01-17T14:04:29.800+0700] {taskinstance.py:1957} INFO - Dependencies all met for dep_context=non-requeueable deps ti=<TaskInstance: adventureworks_final.generate_docs manual__2026-01-17T07:00:13.457598+00:00 [queued]>
[2026-01-17T14:04:29.803+0700] {taskinstance.py:1957} INFO - Dependencies all met for dep_context=requeueable deps ti=<TaskInstance: adventureworks_final.generate_docs manual__2026-01-17T07:00:13.457598+00:00 [queued]>
[2026-01-17T14:04:29.803+0700] {taskinstance.py:2171} INFO - Starting attempt 1 of 2
[2026-01-17T14:04:29.810+0700] {taskinstance.py:2192} INFO - Executing <Task(BashOperator): generate_docs> on 2026-01-17 07:00:13.457598+00:00
[2026-01-17T14:04:29.814+0700] {standard_task_runner.py:60} INFO - Started process 52305 to run task
[2026-01-17T14:04:29.819+0700] {standard_task_runner.py:87} INFO - Running: ['airflow', 'tasks', 'run', 'adventureworks_final', 'generate_docs', 'manual__2026-01-17T07:00:13.457598+00:00', '--job-id', '25', '--raw', '--subdir', 'DAGS_FOLDER/adventureworks_etl_dag.py', '--cfg-path', '/var/folders/dh/drrkwhq5347_9fqxfjd_vm600000gn/T/tmp12wxmtw1']
[2026-01-17T14:04:29.821+0700] {standard_task_runner.py:88} INFO - Job 25: Subtask generate_docs
[2026-01-17T14:04:29.842+0700] {task_command.py:423} INFO - Running <TaskInstance: adventureworks_final.generate_docs manual__2026-01-17T07:00:13.457598+00:00 [running]> on host macbook-pro-2.fpt
[2026-01-17T14:04:29.869+0700] {taskinstance.py:2481} INFO - Exporting env vars: AIRFLOW_CTX_DAG_OWNER='kimhoang' AIRFLOW_CTX_DAG_ID='adventureworks_final' AIRFLOW_CTX_TASK_ID='generate_docs' AIRFLOW_CTX_EXECUTION_DATE='2026-01-17T07:00:13.457598+00:00' AIRFLOW_CTX_TRY_NUMBER='1' AIRFLOW_CTX_DAG_RUN_ID='manual__2026-01-17T07:00:13.457598+00:00'
[2026-01-17T14:04:29.870+0700] {subprocess.py:63} INFO - Tmp dir root location: /var/folders/dh/drrkwhq5347_9fqxfjd_vm600000gn/T
[2026-01-17T14:04:29.870+0700] {subprocess.py:75} INFO - Running command: ['/bin/bash', '-c', 'cd /Users/tukimhoang/Documents/AdventureWorks_DataWarehouse_Project/dbt && dbt docs generate --profiles-dir /Users/tukimhoang/.dbt']
[2026-01-17T14:04:29.875+0700] {subprocess.py:86} INFO - Output:
[2026-01-17T14:04:30.815+0700] {subprocess.py:93} INFO - [0m07:04:30  Running with dbt=1.11.2
[2026-01-17T14:04:31.088+0700] {subprocess.py:93} INFO - [0m07:04:31  Registered adapter: sqlserver=1.9.0
[2026-01-17T14:04:31.325+0700] {subprocess.py:93} INFO - [0m07:04:31  Found 25 models, 28 data tests, 8 sources, 538 macros
[2026-01-17T14:04:31.328+0700] {subprocess.py:93} INFO - [0m07:04:31
[2026-01-17T14:04:31.329+0700] {subprocess.py:93} INFO - [0m07:04:31  Concurrency: 1 threads (target='dev')
[2026-01-17T14:04:31.329+0700] {subprocess.py:93} INFO - [0m07:04:31
[2026-01-17T14:04:31.841+0700] {subprocess.py:93} INFO - [0m07:04:31  Building catalog
[2026-01-17T14:04:32.055+0700] {subprocess.py:93} INFO - [0m07:04:32  Catalog written to /Users/tukimhoang/Documents/AdventureWorks_DataWarehouse_Project/dbt/target/catalog.json
[2026-01-17T14:04:33.846+0700] {subprocess.py:97} INFO - Command exited with return code 0
[2026-01-17T14:04:33.857+0700] {taskinstance.py:1138} INFO - Marking task as SUCCESS. dag_id=adventureworks_final, task_id=generate_docs, execution_date=20260117T070013, start_date=20260117T070429, end_date=20260117T070433
[2026-01-17T14:04:33.889+0700] {local_task_job_runner.py:234} INFO - Task exited with return code 0
[2026-01-17T14:04:33.896+0700] {taskinstance.py:3281} INFO - 0 downstream tasks scheduled from follow-on schedule check
