[2026-01-17T14:06:51.418+0700] {taskinstance.py:1957} INFO - Dependencies all met for dep_context=non-requeueable deps ti=<TaskInstance: adventureworks_final.generate_docs scheduled__2026-01-16T07:00:00+00:00 [queued]>
[2026-01-17T14:06:51.422+0700] {taskinstance.py:1957} INFO - Dependencies all met for dep_context=requeueable deps ti=<TaskInstance: adventureworks_final.generate_docs scheduled__2026-01-16T07:00:00+00:00 [queued]>
[2026-01-17T14:06:51.422+0700] {taskinstance.py:2171} INFO - Starting attempt 1 of 2
[2026-01-17T14:06:51.428+0700] {taskinstance.py:2192} INFO - Executing <Task(BashOperator): generate_docs> on 2026-01-16 07:00:00+00:00
[2026-01-17T14:06:51.431+0700] {standard_task_runner.py:60} INFO - Started process 53677 to run task
[2026-01-17T14:06:51.436+0700] {standard_task_runner.py:87} INFO - Running: ['airflow', 'tasks', 'run', 'adventureworks_final', 'generate_docs', 'scheduled__2026-01-16T07:00:00+00:00', '--job-id', '34', '--raw', '--subdir', 'DAGS_FOLDER/adventureworks_etl_dag.py', '--cfg-path', '/var/folders/dh/drrkwhq5347_9fqxfjd_vm600000gn/T/tmpy3xqa47c']
[2026-01-17T14:06:51.438+0700] {standard_task_runner.py:88} INFO - Job 34: Subtask generate_docs
[2026-01-17T14:06:51.460+0700] {task_command.py:423} INFO - Running <TaskInstance: adventureworks_final.generate_docs scheduled__2026-01-16T07:00:00+00:00 [running]> on host macbook-pro-2.fpt
[2026-01-17T14:06:51.491+0700] {taskinstance.py:2481} INFO - Exporting env vars: AIRFLOW_CTX_DAG_OWNER='kimhoang' AIRFLOW_CTX_DAG_ID='adventureworks_final' AIRFLOW_CTX_TASK_ID='generate_docs' AIRFLOW_CTX_EXECUTION_DATE='2026-01-16T07:00:00+00:00' AIRFLOW_CTX_TRY_NUMBER='1' AIRFLOW_CTX_DAG_RUN_ID='scheduled__2026-01-16T07:00:00+00:00'
[2026-01-17T14:06:51.492+0700] {subprocess.py:63} INFO - Tmp dir root location: /var/folders/dh/drrkwhq5347_9fqxfjd_vm600000gn/T
[2026-01-17T14:06:51.493+0700] {subprocess.py:75} INFO - Running command: ['/bin/bash', '-c', 'cd /Users/tukimhoang/Documents/AdventureWorks_DataWarehouse_Project/dbt && dbt docs generate --profiles-dir /Users/tukimhoang/.dbt']
[2026-01-17T14:06:51.498+0700] {subprocess.py:86} INFO - Output:
[2026-01-17T14:06:52.475+0700] {subprocess.py:93} INFO - [0m07:06:52  Running with dbt=1.11.2
[2026-01-17T14:06:52.772+0700] {subprocess.py:93} INFO - [0m07:06:52  Registered adapter: sqlserver=1.9.0
[2026-01-17T14:06:53.023+0700] {subprocess.py:93} INFO - [0m07:06:53  Found 25 models, 28 data tests, 8 sources, 538 macros
[2026-01-17T14:06:53.026+0700] {subprocess.py:93} INFO - [0m07:06:53
[2026-01-17T14:06:53.027+0700] {subprocess.py:93} INFO - [0m07:06:53  Concurrency: 1 threads (target='dev')
[2026-01-17T14:06:53.027+0700] {subprocess.py:93} INFO - [0m07:06:53
[2026-01-17T14:06:53.677+0700] {subprocess.py:93} INFO - [0m07:06:53  Building catalog
[2026-01-17T14:06:53.899+0700] {subprocess.py:93} INFO - [0m07:06:53  Catalog written to /Users/tukimhoang/Documents/AdventureWorks_DataWarehouse_Project/dbt/target/catalog.json
[2026-01-17T14:06:55.391+0700] {subprocess.py:97} INFO - Command exited with return code 0
[2026-01-17T14:06:55.403+0700] {taskinstance.py:1138} INFO - Marking task as SUCCESS. dag_id=adventureworks_final, task_id=generate_docs, execution_date=20260116T070000, start_date=20260117T070651, end_date=20260117T070655
[2026-01-17T14:06:55.425+0700] {local_task_job_runner.py:234} INFO - Task exited with return code 0
[2026-01-17T14:06:55.438+0700] {taskinstance.py:3281} INFO - 0 downstream tasks scheduled from follow-on schedule check
