[2026-01-19T12:27:36.773+0700] {taskinstance.py:1957} INFO - Dependencies all met for dep_context=non-requeueable deps ti=<TaskInstance: adventureworks_daily_1210pm.run_intermediate_layer manual__2026-01-19T05:27:20.711813+00:00 [queued]>
[2026-01-19T12:27:36.776+0700] {taskinstance.py:1957} INFO - Dependencies all met for dep_context=requeueable deps ti=<TaskInstance: adventureworks_daily_1210pm.run_intermediate_layer manual__2026-01-19T05:27:20.711813+00:00 [queued]>
[2026-01-19T12:27:36.776+0700] {taskinstance.py:2171} INFO - Starting attempt 1 of 3
[2026-01-19T12:27:36.782+0700] {taskinstance.py:2192} INFO - Executing <Task(BashOperator): run_intermediate_layer> on 2026-01-19 05:27:20.711813+00:00
[2026-01-19T12:27:36.786+0700] {standard_task_runner.py:60} INFO - Started process 81557 to run task
[2026-01-19T12:27:36.790+0700] {standard_task_runner.py:87} INFO - Running: ['airflow', 'tasks', 'run', 'adventureworks_daily_1210pm', 'run_intermediate_layer', 'manual__2026-01-19T05:27:20.711813+00:00', '--job-id', '52', '--raw', '--subdir', 'DAGS_FOLDER/adventureworks_etl_dag.py', '--cfg-path', '/var/folders/dh/drrkwhq5347_9fqxfjd_vm600000gn/T/tmp7oi6gype']
[2026-01-19T12:27:36.792+0700] {standard_task_runner.py:88} INFO - Job 52: Subtask run_intermediate_layer
[2026-01-19T12:27:36.813+0700] {task_command.py:423} INFO - Running <TaskInstance: adventureworks_daily_1210pm.run_intermediate_layer manual__2026-01-19T05:27:20.711813+00:00 [running]> on host macbook-pro-2.fpt
[2026-01-19T12:27:36.862+0700] {taskinstance.py:2481} INFO - Exporting env vars: AIRFLOW_CTX_DAG_OWNER='kimhoang' AIRFLOW_CTX_DAG_ID='adventureworks_daily_1210pm' AIRFLOW_CTX_TASK_ID='run_intermediate_layer' AIRFLOW_CTX_EXECUTION_DATE='2026-01-19T05:27:20.711813+00:00' AIRFLOW_CTX_TRY_NUMBER='1' AIRFLOW_CTX_DAG_RUN_ID='manual__2026-01-19T05:27:20.711813+00:00'
[2026-01-19T12:27:36.863+0700] {subprocess.py:63} INFO - Tmp dir root location: /var/folders/dh/drrkwhq5347_9fqxfjd_vm600000gn/T
[2026-01-19T12:27:36.863+0700] {subprocess.py:75} INFO - Running command: ['/bin/bash', '-c', 'cd /Users/tukimhoang/Documents/AdventureWorks_DataWarehouse_Project/dbt && dbt run --select intermediate --profiles-dir /Users/tukimhoang/.dbt']
[2026-01-19T12:27:36.868+0700] {subprocess.py:86} INFO - Output:
[2026-01-19T12:27:37.830+0700] {subprocess.py:93} INFO - [0m05:27:37  Running with dbt=1.11.2
[2026-01-19T12:27:38.108+0700] {subprocess.py:93} INFO - [0m05:27:38  Registered adapter: sqlserver=1.9.0
[2026-01-19T12:27:38.426+0700] {subprocess.py:93} INFO - [0m05:27:38  Found 25 models, 28 data tests, 8 sources, 538 macros
[2026-01-19T12:27:38.428+0700] {subprocess.py:93} INFO - [0m05:27:38
[2026-01-19T12:27:38.428+0700] {subprocess.py:93} INFO - [0m05:27:38  Concurrency: 1 threads (target='dev')
[2026-01-19T12:27:38.429+0700] {subprocess.py:93} INFO - [0m05:27:38
[2026-01-19T12:27:38.577+0700] {subprocess.py:93} INFO - [0m05:27:38  1 of 1 START sql table model stagging_intermediate.int_dim_product ............. [RUN]
[2026-01-19T12:27:38.738+0700] {subprocess.py:93} INFO - [0m05:27:38  1 of 1 OK created sql table model stagging_intermediate.int_dim_product ........ [[32mOK[0m in 0.16s]
[2026-01-19T12:27:38.762+0700] {subprocess.py:93} INFO - [0m05:27:38
[2026-01-19T12:27:38.762+0700] {subprocess.py:93} INFO - [0m05:27:38  Finished running 1 table model in 0 hours 0 minutes and 0.33 seconds (0.33s).
[2026-01-19T12:27:38.794+0700] {subprocess.py:93} INFO - [0m05:27:38
[2026-01-19T12:27:38.795+0700] {subprocess.py:93} INFO - [0m05:27:38  [32mCompleted successfully[0m
[2026-01-19T12:27:38.795+0700] {subprocess.py:93} INFO - [0m05:27:38
[2026-01-19T12:27:38.795+0700] {subprocess.py:93} INFO - [0m05:27:38  Done. PASS=1 WARN=0 ERROR=0 SKIP=0 NO-OP=0 TOTAL=1
[2026-01-19T12:27:40.345+0700] {subprocess.py:97} INFO - Command exited with return code 0
[2026-01-19T12:27:40.355+0700] {taskinstance.py:1138} INFO - Marking task as SUCCESS. dag_id=adventureworks_daily_1210pm, task_id=run_intermediate_layer, execution_date=20260119T052720, start_date=20260119T052736, end_date=20260119T052740
[2026-01-19T12:27:40.369+0700] {local_task_job_runner.py:234} INFO - Task exited with return code 0
[2026-01-19T12:27:40.381+0700] {taskinstance.py:3281} INFO - 1 downstream tasks scheduled from follow-on schedule check
