[2026-01-17T14:02:17.133+0700] {processor.py:161} INFO - Started process (PID=51142) to work on /Users/tukimhoang/Documents/AdventureWorks_DataWarehouse_Project/airflow/dags/adventureworks_etl_dag.py
[2026-01-17T14:02:17.133+0700] {processor.py:830} INFO - Processing file /Users/tukimhoang/Documents/AdventureWorks_DataWarehouse_Project/airflow/dags/adventureworks_etl_dag.py for tasks to queue
[2026-01-17T14:02:17.134+0700] {logging_mixin.py:188} INFO - [2026-01-17T14:02:17.134+0700] {dagbag.py:538} INFO - Filling up the DagBag from /Users/tukimhoang/Documents/AdventureWorks_DataWarehouse_Project/airflow/dags/adventureworks_etl_dag.py
[2026-01-17T14:02:17.135+0700] {logging_mixin.py:188} INFO - DBT Project: /Users/tukimhoang/Documents/AdventureWorks_DataWarehouse_Project/dbt
[2026-01-17T14:02:17.135+0700] {logging_mixin.py:188} INFO - DBT Profiles: /Users/tukimhoang/.dbt
[2026-01-17T14:02:17.141+0700] {processor.py:840} INFO - DAG(s) 'adventureworks_final' retrieved from /Users/tukimhoang/Documents/AdventureWorks_DataWarehouse_Project/airflow/dags/adventureworks_etl_dag.py
[2026-01-17T14:02:17.247+0700] {logging_mixin.py:188} INFO - [2026-01-17T14:02:17.247+0700] {dag.py:3033} INFO - Sync 1 DAGs
[2026-01-17T14:02:17.256+0700] {logging_mixin.py:188} INFO - [2026-01-17T14:02:17.256+0700] {dag.py:3820} INFO - Setting next_dagrun for adventureworks_final to 2026-01-16T02:00:00+00:00, run_after=2026-01-17T02:00:00+00:00
[2026-01-17T14:02:17.265+0700] {processor.py:183} INFO - Processing /Users/tukimhoang/Documents/AdventureWorks_DataWarehouse_Project/airflow/dags/adventureworks_etl_dag.py took 0.133 seconds
[2026-01-17T14:02:51.247+0700] {processor.py:161} INFO - Started process (PID=51453) to work on /Users/tukimhoang/Documents/AdventureWorks_DataWarehouse_Project/airflow/dags/adventureworks_etl_dag.py
[2026-01-17T14:02:51.247+0700] {processor.py:830} INFO - Processing file /Users/tukimhoang/Documents/AdventureWorks_DataWarehouse_Project/airflow/dags/adventureworks_etl_dag.py for tasks to queue
[2026-01-17T14:02:51.248+0700] {logging_mixin.py:188} INFO - [2026-01-17T14:02:51.248+0700] {dagbag.py:538} INFO - Filling up the DagBag from /Users/tukimhoang/Documents/AdventureWorks_DataWarehouse_Project/airflow/dags/adventureworks_etl_dag.py
[2026-01-17T14:02:51.249+0700] {logging_mixin.py:188} INFO - DBT Project: /Users/tukimhoang/Documents/AdventureWorks_DataWarehouse_Project/dbt
[2026-01-17T14:02:51.249+0700] {logging_mixin.py:188} INFO - DBT Profiles: /Users/tukimhoang/.dbt
[2026-01-17T14:02:51.253+0700] {processor.py:840} INFO - DAG(s) 'adventureworks_final' retrieved from /Users/tukimhoang/Documents/AdventureWorks_DataWarehouse_Project/airflow/dags/adventureworks_etl_dag.py
[2026-01-17T14:02:51.305+0700] {logging_mixin.py:188} INFO - [2026-01-17T14:02:51.305+0700] {dag.py:3033} INFO - Sync 1 DAGs
[2026-01-17T14:02:51.315+0700] {logging_mixin.py:188} INFO - [2026-01-17T14:02:51.315+0700] {dag.py:3820} INFO - Setting next_dagrun for adventureworks_final to 2026-01-17T02:00:00+00:00, run_after=2026-01-18T02:00:00+00:00
[2026-01-17T14:02:51.323+0700] {processor.py:183} INFO - Processing /Users/tukimhoang/Documents/AdventureWorks_DataWarehouse_Project/airflow/dags/adventureworks_etl_dag.py took 0.077 seconds
[2026-01-17T14:03:23.502+0700] {processor.py:161} INFO - Started process (PID=51736) to work on /Users/tukimhoang/Documents/AdventureWorks_DataWarehouse_Project/airflow/dags/adventureworks_etl_dag.py
[2026-01-17T14:03:23.503+0700] {processor.py:830} INFO - Processing file /Users/tukimhoang/Documents/AdventureWorks_DataWarehouse_Project/airflow/dags/adventureworks_etl_dag.py for tasks to queue
[2026-01-17T14:03:23.503+0700] {logging_mixin.py:188} INFO - [2026-01-17T14:03:23.503+0700] {dagbag.py:538} INFO - Filling up the DagBag from /Users/tukimhoang/Documents/AdventureWorks_DataWarehouse_Project/airflow/dags/adventureworks_etl_dag.py
[2026-01-17T14:03:23.505+0700] {logging_mixin.py:188} INFO - DBT Project: /Users/tukimhoang/Documents/AdventureWorks_DataWarehouse_Project/dbt
[2026-01-17T14:03:23.505+0700] {logging_mixin.py:188} INFO - DBT Profiles: /Users/tukimhoang/.dbt
[2026-01-17T14:03:23.509+0700] {processor.py:840} INFO - DAG(s) 'adventureworks_final' retrieved from /Users/tukimhoang/Documents/AdventureWorks_DataWarehouse_Project/airflow/dags/adventureworks_etl_dag.py
[2026-01-17T14:03:23.561+0700] {logging_mixin.py:188} INFO - [2026-01-17T14:03:23.561+0700] {dag.py:3033} INFO - Sync 1 DAGs
[2026-01-17T14:03:23.570+0700] {logging_mixin.py:188} INFO - [2026-01-17T14:03:23.570+0700] {dag.py:3820} INFO - Setting next_dagrun for adventureworks_final to 2026-01-17T02:00:00+00:00, run_after=2026-01-18T02:00:00+00:00
[2026-01-17T14:03:23.579+0700] {processor.py:183} INFO - Processing /Users/tukimhoang/Documents/AdventureWorks_DataWarehouse_Project/airflow/dags/adventureworks_etl_dag.py took 0.077 seconds
[2026-01-17T14:04:01.608+0700] {processor.py:161} INFO - Started process (PID=52055) to work on /Users/tukimhoang/Documents/AdventureWorks_DataWarehouse_Project/airflow/dags/adventureworks_etl_dag.py
[2026-01-17T14:04:01.610+0700] {processor.py:830} INFO - Processing file /Users/tukimhoang/Documents/AdventureWorks_DataWarehouse_Project/airflow/dags/adventureworks_etl_dag.py for tasks to queue
[2026-01-17T14:04:01.610+0700] {logging_mixin.py:188} INFO - [2026-01-17T14:04:01.610+0700] {dagbag.py:538} INFO - Filling up the DagBag from /Users/tukimhoang/Documents/AdventureWorks_DataWarehouse_Project/airflow/dags/adventureworks_etl_dag.py
[2026-01-17T14:04:01.612+0700] {logging_mixin.py:188} INFO - DBT Project: /Users/tukimhoang/Documents/AdventureWorks_DataWarehouse_Project/dbt
[2026-01-17T14:04:01.612+0700] {logging_mixin.py:188} INFO - DBT Profiles: /Users/tukimhoang/.dbt
[2026-01-17T14:04:01.616+0700] {processor.py:840} INFO - DAG(s) 'adventureworks_final' retrieved from /Users/tukimhoang/Documents/AdventureWorks_DataWarehouse_Project/airflow/dags/adventureworks_etl_dag.py
[2026-01-17T14:04:01.666+0700] {logging_mixin.py:188} INFO - [2026-01-17T14:04:01.666+0700] {dag.py:3033} INFO - Sync 1 DAGs
[2026-01-17T14:04:01.676+0700] {logging_mixin.py:188} INFO - [2026-01-17T14:04:01.676+0700] {dag.py:3820} INFO - Setting next_dagrun for adventureworks_final to 2026-01-17T02:00:00+00:00, run_after=2026-01-18T02:00:00+00:00
[2026-01-17T14:04:01.684+0700] {processor.py:183} INFO - Processing /Users/tukimhoang/Documents/AdventureWorks_DataWarehouse_Project/airflow/dags/adventureworks_etl_dag.py took 0.077 seconds
[2026-01-17T14:04:35.013+0700] {processor.py:161} INFO - Started process (PID=52338) to work on /Users/tukimhoang/Documents/AdventureWorks_DataWarehouse_Project/airflow/dags/adventureworks_etl_dag.py
[2026-01-17T14:04:35.014+0700] {processor.py:830} INFO - Processing file /Users/tukimhoang/Documents/AdventureWorks_DataWarehouse_Project/airflow/dags/adventureworks_etl_dag.py for tasks to queue
[2026-01-17T14:04:35.014+0700] {logging_mixin.py:188} INFO - [2026-01-17T14:04:35.014+0700] {dagbag.py:538} INFO - Filling up the DagBag from /Users/tukimhoang/Documents/AdventureWorks_DataWarehouse_Project/airflow/dags/adventureworks_etl_dag.py
[2026-01-17T14:04:35.016+0700] {logging_mixin.py:188} INFO - DBT Project: /Users/tukimhoang/Documents/AdventureWorks_DataWarehouse_Project/dbt
[2026-01-17T14:04:35.016+0700] {logging_mixin.py:188} INFO - DBT Profiles: /Users/tukimhoang/.dbt
[2026-01-17T14:04:35.021+0700] {processor.py:840} INFO - DAG(s) 'adventureworks_final' retrieved from /Users/tukimhoang/Documents/AdventureWorks_DataWarehouse_Project/airflow/dags/adventureworks_etl_dag.py
[2026-01-17T14:04:35.072+0700] {logging_mixin.py:188} INFO - [2026-01-17T14:04:35.072+0700] {dag.py:3033} INFO - Sync 1 DAGs
[2026-01-17T14:04:35.081+0700] {logging_mixin.py:188} INFO - [2026-01-17T14:04:35.081+0700] {dag.py:3820} INFO - Setting next_dagrun for adventureworks_final to 2026-01-17T02:00:00+00:00, run_after=2026-01-18T02:00:00+00:00
[2026-01-17T14:04:35.090+0700] {processor.py:183} INFO - Processing /Users/tukimhoang/Documents/AdventureWorks_DataWarehouse_Project/airflow/dags/adventureworks_etl_dag.py took 0.077 seconds
[2026-01-17T14:05:06.348+0700] {processor.py:161} INFO - Started process (PID=52545) to work on /Users/tukimhoang/Documents/AdventureWorks_DataWarehouse_Project/airflow/dags/adventureworks_etl_dag.py
[2026-01-17T14:05:06.349+0700] {processor.py:830} INFO - Processing file /Users/tukimhoang/Documents/AdventureWorks_DataWarehouse_Project/airflow/dags/adventureworks_etl_dag.py for tasks to queue
[2026-01-17T14:05:06.349+0700] {logging_mixin.py:188} INFO - [2026-01-17T14:05:06.349+0700] {dagbag.py:538} INFO - Filling up the DagBag from /Users/tukimhoang/Documents/AdventureWorks_DataWarehouse_Project/airflow/dags/adventureworks_etl_dag.py
[2026-01-17T14:05:06.351+0700] {logging_mixin.py:188} INFO - DBT Project: /Users/tukimhoang/Documents/AdventureWorks_DataWarehouse_Project/dbt
[2026-01-17T14:05:06.351+0700] {logging_mixin.py:188} INFO - DBT Profiles: /Users/tukimhoang/.dbt
[2026-01-17T14:05:06.356+0700] {processor.py:840} INFO - DAG(s) 'adventureworks_final' retrieved from /Users/tukimhoang/Documents/AdventureWorks_DataWarehouse_Project/airflow/dags/adventureworks_etl_dag.py
[2026-01-17T14:05:06.407+0700] {logging_mixin.py:188} INFO - [2026-01-17T14:05:06.407+0700] {dag.py:3033} INFO - Sync 1 DAGs
[2026-01-17T14:05:06.417+0700] {logging_mixin.py:188} INFO - [2026-01-17T14:05:06.416+0700] {dag.py:3820} INFO - Setting next_dagrun for adventureworks_final to 2026-01-17T02:00:00+00:00, run_after=2026-01-18T02:00:00+00:00
[2026-01-17T14:05:06.425+0700] {processor.py:183} INFO - Processing /Users/tukimhoang/Documents/AdventureWorks_DataWarehouse_Project/airflow/dags/adventureworks_etl_dag.py took 0.077 seconds
[2026-01-17T14:05:37.568+0700] {processor.py:161} INFO - Started process (PID=52751) to work on /Users/tukimhoang/Documents/AdventureWorks_DataWarehouse_Project/airflow/dags/adventureworks_etl_dag.py
[2026-01-17T14:05:37.569+0700] {processor.py:830} INFO - Processing file /Users/tukimhoang/Documents/AdventureWorks_DataWarehouse_Project/airflow/dags/adventureworks_etl_dag.py for tasks to queue
[2026-01-17T14:05:37.569+0700] {logging_mixin.py:188} INFO - [2026-01-17T14:05:37.569+0700] {dagbag.py:538} INFO - Filling up the DagBag from /Users/tukimhoang/Documents/AdventureWorks_DataWarehouse_Project/airflow/dags/adventureworks_etl_dag.py
[2026-01-17T14:05:37.571+0700] {logging_mixin.py:188} INFO - DBT Project: /Users/tukimhoang/Documents/AdventureWorks_DataWarehouse_Project/dbt
[2026-01-17T14:05:37.571+0700] {logging_mixin.py:188} INFO - DBT Profiles: /Users/tukimhoang/.dbt
[2026-01-17T14:05:37.576+0700] {processor.py:840} INFO - DAG(s) 'adventureworks_final' retrieved from /Users/tukimhoang/Documents/AdventureWorks_DataWarehouse_Project/airflow/dags/adventureworks_etl_dag.py
[2026-01-17T14:05:37.628+0700] {logging_mixin.py:188} INFO - [2026-01-17T14:05:37.628+0700] {dag.py:3033} INFO - Sync 1 DAGs
[2026-01-17T14:05:37.638+0700] {logging_mixin.py:188} INFO - [2026-01-17T14:05:37.638+0700] {dag.py:3820} INFO - Setting next_dagrun for adventureworks_final to 2026-01-17T02:00:00+00:00, run_after=2026-01-18T02:00:00+00:00
[2026-01-17T14:05:37.647+0700] {processor.py:183} INFO - Processing /Users/tukimhoang/Documents/AdventureWorks_DataWarehouse_Project/airflow/dags/adventureworks_etl_dag.py took 0.079 seconds
[2026-01-17T14:06:02.872+0700] {processor.py:161} INFO - Started process (PID=52919) to work on /Users/tukimhoang/Documents/AdventureWorks_DataWarehouse_Project/airflow/dags/adventureworks_etl_dag.py
[2026-01-17T14:06:02.873+0700] {processor.py:830} INFO - Processing file /Users/tukimhoang/Documents/AdventureWorks_DataWarehouse_Project/airflow/dags/adventureworks_etl_dag.py for tasks to queue
[2026-01-17T14:06:02.873+0700] {logging_mixin.py:188} INFO - [2026-01-17T14:06:02.873+0700] {dagbag.py:538} INFO - Filling up the DagBag from /Users/tukimhoang/Documents/AdventureWorks_DataWarehouse_Project/airflow/dags/adventureworks_etl_dag.py
[2026-01-17T14:06:02.876+0700] {logging_mixin.py:188} INFO - DBT Project: /Users/tukimhoang/Documents/AdventureWorks_DataWarehouse_Project/dbt
[2026-01-17T14:06:02.876+0700] {logging_mixin.py:188} INFO - DBT Profiles: /Users/tukimhoang/.dbt
[2026-01-17T14:06:02.881+0700] {processor.py:840} INFO - DAG(s) 'adventureworks_final' retrieved from /Users/tukimhoang/Documents/AdventureWorks_DataWarehouse_Project/airflow/dags/adventureworks_etl_dag.py
[2026-01-17T14:06:02.991+0700] {logging_mixin.py:188} INFO - [2026-01-17T14:06:02.991+0700] {dag.py:3033} INFO - Sync 1 DAGs
[2026-01-17T14:06:03.001+0700] {logging_mixin.py:188} INFO - [2026-01-17T14:06:03.001+0700] {dag.py:3820} INFO - Setting next_dagrun for adventureworks_final to 2026-01-16T07:00:00+00:00, run_after=2026-01-17T07:00:00+00:00
[2026-01-17T14:06:03.015+0700] {processor.py:183} INFO - Processing /Users/tukimhoang/Documents/AdventureWorks_DataWarehouse_Project/airflow/dags/adventureworks_etl_dag.py took 0.143 seconds
[2026-01-17T14:06:38.230+0700] {processor.py:161} INFO - Started process (PID=53559) to work on /Users/tukimhoang/Documents/AdventureWorks_DataWarehouse_Project/airflow/dags/adventureworks_etl_dag.py
[2026-01-17T14:06:38.232+0700] {processor.py:830} INFO - Processing file /Users/tukimhoang/Documents/AdventureWorks_DataWarehouse_Project/airflow/dags/adventureworks_etl_dag.py for tasks to queue
[2026-01-17T14:06:38.232+0700] {logging_mixin.py:188} INFO - [2026-01-17T14:06:38.232+0700] {dagbag.py:538} INFO - Filling up the DagBag from /Users/tukimhoang/Documents/AdventureWorks_DataWarehouse_Project/airflow/dags/adventureworks_etl_dag.py
[2026-01-17T14:06:38.234+0700] {logging_mixin.py:188} INFO - DBT Project: /Users/tukimhoang/Documents/AdventureWorks_DataWarehouse_Project/dbt
[2026-01-17T14:06:38.234+0700] {logging_mixin.py:188} INFO - DBT Profiles: /Users/tukimhoang/.dbt
[2026-01-17T14:06:38.238+0700] {processor.py:840} INFO - DAG(s) 'adventureworks_final' retrieved from /Users/tukimhoang/Documents/AdventureWorks_DataWarehouse_Project/airflow/dags/adventureworks_etl_dag.py
[2026-01-17T14:06:38.288+0700] {logging_mixin.py:188} INFO - [2026-01-17T14:06:38.288+0700] {dag.py:3033} INFO - Sync 1 DAGs
[2026-01-17T14:06:38.298+0700] {logging_mixin.py:188} INFO - [2026-01-17T14:06:38.298+0700] {dag.py:3820} INFO - Setting next_dagrun for adventureworks_final to 2026-01-17T07:00:00+00:00, run_after=2026-01-18T07:00:00+00:00
[2026-01-17T14:06:38.307+0700] {processor.py:183} INFO - Processing /Users/tukimhoang/Documents/AdventureWorks_DataWarehouse_Project/airflow/dags/adventureworks_etl_dag.py took 0.077 seconds
[2026-01-17T14:07:09.660+0700] {processor.py:161} INFO - Started process (PID=53820) to work on /Users/tukimhoang/Documents/AdventureWorks_DataWarehouse_Project/airflow/dags/adventureworks_etl_dag.py
[2026-01-17T14:07:09.661+0700] {processor.py:830} INFO - Processing file /Users/tukimhoang/Documents/AdventureWorks_DataWarehouse_Project/airflow/dags/adventureworks_etl_dag.py for tasks to queue
[2026-01-17T14:07:09.662+0700] {logging_mixin.py:188} INFO - [2026-01-17T14:07:09.662+0700] {dagbag.py:538} INFO - Filling up the DagBag from /Users/tukimhoang/Documents/AdventureWorks_DataWarehouse_Project/airflow/dags/adventureworks_etl_dag.py
[2026-01-17T14:07:09.664+0700] {logging_mixin.py:188} INFO - DBT Project: /Users/tukimhoang/Documents/AdventureWorks_DataWarehouse_Project/dbt
[2026-01-17T14:07:09.664+0700] {logging_mixin.py:188} INFO - DBT Profiles: /Users/tukimhoang/.dbt
[2026-01-17T14:07:09.669+0700] {processor.py:840} INFO - DAG(s) 'adventureworks_final' retrieved from /Users/tukimhoang/Documents/AdventureWorks_DataWarehouse_Project/airflow/dags/adventureworks_etl_dag.py
[2026-01-17T14:07:09.720+0700] {logging_mixin.py:188} INFO - [2026-01-17T14:07:09.720+0700] {dag.py:3033} INFO - Sync 1 DAGs
[2026-01-17T14:07:09.729+0700] {logging_mixin.py:188} INFO - [2026-01-17T14:07:09.729+0700] {dag.py:3820} INFO - Setting next_dagrun for adventureworks_final to 2026-01-17T07:00:00+00:00, run_after=2026-01-18T07:00:00+00:00
[2026-01-17T14:07:09.738+0700] {processor.py:183} INFO - Processing /Users/tukimhoang/Documents/AdventureWorks_DataWarehouse_Project/airflow/dags/adventureworks_etl_dag.py took 0.078 seconds
[2026-01-17T14:07:41.323+0700] {processor.py:161} INFO - Started process (PID=54024) to work on /Users/tukimhoang/Documents/AdventureWorks_DataWarehouse_Project/airflow/dags/adventureworks_etl_dag.py
[2026-01-17T14:07:41.324+0700] {processor.py:830} INFO - Processing file /Users/tukimhoang/Documents/AdventureWorks_DataWarehouse_Project/airflow/dags/adventureworks_etl_dag.py for tasks to queue
[2026-01-17T14:07:41.324+0700] {logging_mixin.py:188} INFO - [2026-01-17T14:07:41.324+0700] {dagbag.py:538} INFO - Filling up the DagBag from /Users/tukimhoang/Documents/AdventureWorks_DataWarehouse_Project/airflow/dags/adventureworks_etl_dag.py
[2026-01-17T14:07:41.327+0700] {logging_mixin.py:188} INFO - DBT Project: /Users/tukimhoang/Documents/AdventureWorks_DataWarehouse_Project/dbt
[2026-01-17T14:07:41.327+0700] {logging_mixin.py:188} INFO - DBT Profiles: /Users/tukimhoang/.dbt
[2026-01-17T14:07:41.332+0700] {processor.py:840} INFO - DAG(s) 'adventureworks_final' retrieved from /Users/tukimhoang/Documents/AdventureWorks_DataWarehouse_Project/airflow/dags/adventureworks_etl_dag.py
[2026-01-17T14:07:41.382+0700] {logging_mixin.py:188} INFO - [2026-01-17T14:07:41.382+0700] {dag.py:3033} INFO - Sync 1 DAGs
[2026-01-17T14:07:41.391+0700] {logging_mixin.py:188} INFO - [2026-01-17T14:07:41.391+0700] {dag.py:3820} INFO - Setting next_dagrun for adventureworks_final to 2026-01-17T07:00:00+00:00, run_after=2026-01-18T07:00:00+00:00
[2026-01-17T14:07:41.399+0700] {processor.py:183} INFO - Processing /Users/tukimhoang/Documents/AdventureWorks_DataWarehouse_Project/airflow/dags/adventureworks_etl_dag.py took 0.076 seconds
[2026-01-17T14:08:12.488+0700] {processor.py:161} INFO - Started process (PID=54223) to work on /Users/tukimhoang/Documents/AdventureWorks_DataWarehouse_Project/airflow/dags/adventureworks_etl_dag.py
[2026-01-17T14:08:12.488+0700] {processor.py:830} INFO - Processing file /Users/tukimhoang/Documents/AdventureWorks_DataWarehouse_Project/airflow/dags/adventureworks_etl_dag.py for tasks to queue
[2026-01-17T14:08:12.488+0700] {logging_mixin.py:188} INFO - [2026-01-17T14:08:12.488+0700] {dagbag.py:538} INFO - Filling up the DagBag from /Users/tukimhoang/Documents/AdventureWorks_DataWarehouse_Project/airflow/dags/adventureworks_etl_dag.py
[2026-01-17T14:08:12.490+0700] {logging_mixin.py:188} INFO - DBT Project: /Users/tukimhoang/Documents/AdventureWorks_DataWarehouse_Project/dbt
[2026-01-17T14:08:12.490+0700] {logging_mixin.py:188} INFO - DBT Profiles: /Users/tukimhoang/.dbt
[2026-01-17T14:08:12.494+0700] {processor.py:840} INFO - DAG(s) 'adventureworks_final' retrieved from /Users/tukimhoang/Documents/AdventureWorks_DataWarehouse_Project/airflow/dags/adventureworks_etl_dag.py
[2026-01-17T14:08:12.543+0700] {logging_mixin.py:188} INFO - [2026-01-17T14:08:12.543+0700] {dag.py:3033} INFO - Sync 1 DAGs
[2026-01-17T14:08:12.552+0700] {logging_mixin.py:188} INFO - [2026-01-17T14:08:12.552+0700] {dag.py:3820} INFO - Setting next_dagrun for adventureworks_final to 2026-01-17T07:00:00+00:00, run_after=2026-01-18T07:00:00+00:00
[2026-01-17T14:08:12.560+0700] {processor.py:183} INFO - Processing /Users/tukimhoang/Documents/AdventureWorks_DataWarehouse_Project/airflow/dags/adventureworks_etl_dag.py took 0.073 seconds
