[2026-01-19T12:10:36.741+0700] {taskinstance.py:1957} INFO - Dependencies all met for dep_context=non-requeueable deps ti=<TaskInstance: adventureworks_daily_1210pm.log_start_time manual__2026-01-19T05:10:34.678796+00:00 [queued]>
[2026-01-19T12:10:36.744+0700] {taskinstance.py:1957} INFO - Dependencies all met for dep_context=requeueable deps ti=<TaskInstance: adventureworks_daily_1210pm.log_start_time manual__2026-01-19T05:10:34.678796+00:00 [queued]>
[2026-01-19T12:10:36.744+0700] {taskinstance.py:2171} INFO - Starting attempt 1 of 3
[2026-01-19T12:10:36.749+0700] {taskinstance.py:2192} INFO - Executing <Task(PythonOperator): log_start_time> on 2026-01-19 05:10:34.678796+00:00
[2026-01-19T12:10:36.751+0700] {standard_task_runner.py:60} INFO - Started process 74545 to run task
[2026-01-19T12:10:36.755+0700] {standard_task_runner.py:87} INFO - Running: ['airflow', 'tasks', 'run', 'adventureworks_daily_1210pm', 'log_start_time', 'manual__2026-01-19T05:10:34.678796+00:00', '--job-id', '38', '--raw', '--subdir', 'DAGS_FOLDER/adventureworks_etl_dag.py', '--cfg-path', '/var/folders/dh/drrkwhq5347_9fqxfjd_vm600000gn/T/tmpv9oez7jw']
[2026-01-19T12:10:36.756+0700] {standard_task_runner.py:88} INFO - Job 38: Subtask log_start_time
[2026-01-19T12:10:36.776+0700] {task_command.py:423} INFO - Running <TaskInstance: adventureworks_daily_1210pm.log_start_time manual__2026-01-19T05:10:34.678796+00:00 [running]> on host macbook-pro-2.fpt
[2026-01-19T12:10:36.801+0700] {taskinstance.py:2481} INFO - Exporting env vars: AIRFLOW_CTX_DAG_OWNER='kimhoang' AIRFLOW_CTX_DAG_ID='adventureworks_daily_1210pm' AIRFLOW_CTX_TASK_ID='log_start_time' AIRFLOW_CTX_EXECUTION_DATE='2026-01-19T05:10:34.678796+00:00' AIRFLOW_CTX_TRY_NUMBER='1' AIRFLOW_CTX_DAG_RUN_ID='manual__2026-01-19T05:10:34.678796+00:00'
[2026-01-19T12:10:36.802+0700] {logging_mixin.py:188} INFO - ============================================================
[2026-01-19T12:10:36.802+0700] {logging_mixin.py:188} INFO - 🚀 ADVENTUREWORKS ETL PIPELINE STARTED
[2026-01-19T12:10:36.802+0700] {logging_mixin.py:188} INFO - ============================================================
[2026-01-19T12:10:36.805+0700] {logging_mixin.py:188} WARNING - /Users/tukimhoang/Documents/AdventureWorks_DataWarehouse_Project/dbt-env/lib/python3.10/site-packages/airflow/utils/context.py:315 AirflowContextDeprecationWarning: Accessing 'execution_date' from the template is deprecated and will be removed in a future version. Please use 'data_interval_start' or 'logical_date' instead.
[2026-01-19T12:10:36.805+0700] {logging_mixin.py:188} INFO - 📅 Execution Date: 2026-01-19T05:10:34.678796+00:00
[2026-01-19T12:10:36.805+0700] {logging_mixin.py:188} INFO - 🕐 Current Time (VN): 2026-01-19 12:10:36.805770+07:00
[2026-01-19T12:10:36.805+0700] {logging_mixin.py:188} INFO - 👤 Owner: kimhoang
[2026-01-19T12:10:36.806+0700] {logging_mixin.py:188} INFO - ============================================================
[2026-01-19T12:10:36.806+0700] {python.py:201} INFO - Done. Returned value was: None
[2026-01-19T12:10:36.808+0700] {taskinstance.py:1138} INFO - Marking task as SUCCESS. dag_id=adventureworks_daily_1210pm, task_id=log_start_time, execution_date=20260119T051034, start_date=20260119T051036, end_date=20260119T051036
[2026-01-19T12:10:36.850+0700] {local_task_job_runner.py:234} INFO - Task exited with return code 0
[2026-01-19T12:10:36.861+0700] {taskinstance.py:3281} INFO - 0 downstream tasks scheduled from follow-on schedule check
