[2026-01-17T14:06:39.542+0700] {taskinstance.py:1957} INFO - Dependencies all met for dep_context=non-requeueable deps ti=<TaskInstance: adventureworks_final.run_fact scheduled__2026-01-16T07:00:00+00:00 [queued]>
[2026-01-17T14:06:39.546+0700] {taskinstance.py:1957} INFO - Dependencies all met for dep_context=requeueable deps ti=<TaskInstance: adventureworks_final.run_fact scheduled__2026-01-16T07:00:00+00:00 [queued]>
[2026-01-17T14:06:39.547+0700] {taskinstance.py:2171} INFO - Starting attempt 1 of 2
[2026-01-17T14:06:39.553+0700] {taskinstance.py:2192} INFO - Executing <Task(BashOperator): run_fact> on 2026-01-16 07:00:00+00:00
[2026-01-17T14:06:39.557+0700] {standard_task_runner.py:60} INFO - Started process 53577 to run task
[2026-01-17T14:06:39.562+0700] {standard_task_runner.py:87} INFO - Running: ['airflow', 'tasks', 'run', 'adventureworks_final', 'run_fact', 'scheduled__2026-01-16T07:00:00+00:00', '--job-id', '32', '--raw', '--subdir', 'DAGS_FOLDER/adventureworks_etl_dag.py', '--cfg-path', '/var/folders/dh/drrkwhq5347_9fqxfjd_vm600000gn/T/tmpv9pn6kt2']
[2026-01-17T14:06:39.565+0700] {standard_task_runner.py:88} INFO - Job 32: Subtask run_fact
[2026-01-17T14:06:39.588+0700] {task_command.py:423} INFO - Running <TaskInstance: adventureworks_final.run_fact scheduled__2026-01-16T07:00:00+00:00 [running]> on host macbook-pro-2.fpt
[2026-01-17T14:06:39.622+0700] {taskinstance.py:2481} INFO - Exporting env vars: AIRFLOW_CTX_DAG_OWNER='kimhoang' AIRFLOW_CTX_DAG_ID='adventureworks_final' AIRFLOW_CTX_TASK_ID='run_fact' AIRFLOW_CTX_EXECUTION_DATE='2026-01-16T07:00:00+00:00' AIRFLOW_CTX_TRY_NUMBER='1' AIRFLOW_CTX_DAG_RUN_ID='scheduled__2026-01-16T07:00:00+00:00'
[2026-01-17T14:06:39.624+0700] {subprocess.py:63} INFO - Tmp dir root location: /var/folders/dh/drrkwhq5347_9fqxfjd_vm600000gn/T
[2026-01-17T14:06:39.624+0700] {subprocess.py:75} INFO - Running command: ['/bin/bash', '-c', 'cd /Users/tukimhoang/Documents/AdventureWorks_DataWarehouse_Project/dbt && dbt run --select fact_sales --profiles-dir /Users/tukimhoang/.dbt']
[2026-01-17T14:06:39.629+0700] {subprocess.py:86} INFO - Output:
[2026-01-17T14:06:40.604+0700] {subprocess.py:93} INFO - [0m07:06:40  Running with dbt=1.11.2
[2026-01-17T14:06:40.905+0700] {subprocess.py:93} INFO - [0m07:06:40  Registered adapter: sqlserver=1.9.0
[2026-01-17T14:06:41.242+0700] {subprocess.py:93} INFO - [0m07:06:41  Found 25 models, 28 data tests, 8 sources, 538 macros
[2026-01-17T14:06:41.244+0700] {subprocess.py:93} INFO - [0m07:06:41
[2026-01-17T14:06:41.244+0700] {subprocess.py:93} INFO - [0m07:06:41  Concurrency: 1 threads (target='dev')
[2026-01-17T14:06:41.244+0700] {subprocess.py:93} INFO - [0m07:06:41
[2026-01-17T14:06:41.404+0700] {subprocess.py:93} INFO - [0m07:06:41  1 of 1 START sql incremental model stagging_dw.FACT_Sales ...................... [RUN]
[2026-01-17T14:06:42.970+0700] {subprocess.py:93} INFO - [0m07:06:42  1 of 1 OK created sql incremental model stagging_dw.FACT_Sales ................. [[32mOK[0m in 1.56s]
[2026-01-17T14:06:42.972+0700] {subprocess.py:93} INFO - [0m07:06:42
[2026-01-17T14:06:42.972+0700] {subprocess.py:93} INFO - [0m07:06:42  Finished running 1 incremental model in 0 hours 0 minutes and 1.73 seconds (1.73s).
[2026-01-17T14:06:43.005+0700] {subprocess.py:93} INFO - [0m07:06:43
[2026-01-17T14:06:43.005+0700] {subprocess.py:93} INFO - [0m07:06:43  [32mCompleted successfully[0m
[2026-01-17T14:06:43.006+0700] {subprocess.py:93} INFO - [0m07:06:43
[2026-01-17T14:06:43.006+0700] {subprocess.py:93} INFO - [0m07:06:43  Done. PASS=1 WARN=0 ERROR=0 SKIP=0 NO-OP=0 TOTAL=1
[2026-01-17T14:06:44.612+0700] {subprocess.py:97} INFO - Command exited with return code 0
[2026-01-17T14:06:44.622+0700] {taskinstance.py:1138} INFO - Marking task as SUCCESS. dag_id=adventureworks_final, task_id=run_fact, execution_date=20260116T070000, start_date=20260117T070639, end_date=20260117T070644
[2026-01-17T14:06:44.639+0700] {local_task_job_runner.py:234} INFO - Task exited with return code 0
[2026-01-17T14:06:44.648+0700] {taskinstance.py:3281} INFO - 1 downstream tasks scheduled from follow-on schedule check
