[2026-01-19T12:10:50.521+0700] {taskinstance.py:1957} INFO - Dependencies all met for dep_context=non-requeueable deps ti=<TaskInstance: adventureworks_daily_1210pm.run_intermediate_layer manual__2026-01-19T05:10:34.678796+00:00 [queued]>
[2026-01-19T12:10:50.524+0700] {taskinstance.py:1957} INFO - Dependencies all met for dep_context=requeueable deps ti=<TaskInstance: adventureworks_daily_1210pm.run_intermediate_layer manual__2026-01-19T05:10:34.678796+00:00 [queued]>
[2026-01-19T12:10:50.524+0700] {taskinstance.py:2171} INFO - Starting attempt 1 of 3
[2026-01-19T12:10:50.529+0700] {taskinstance.py:2192} INFO - Executing <Task(BashOperator): run_intermediate_layer> on 2026-01-19 05:10:34.678796+00:00
[2026-01-19T12:10:50.532+0700] {standard_task_runner.py:60} INFO - Started process 74666 to run task
[2026-01-19T12:10:50.537+0700] {standard_task_runner.py:87} INFO - Running: ['airflow', 'tasks', 'run', 'adventureworks_daily_1210pm', 'run_intermediate_layer', 'manual__2026-01-19T05:10:34.678796+00:00', '--job-id', '41', '--raw', '--subdir', 'DAGS_FOLDER/adventureworks_etl_dag.py', '--cfg-path', '/var/folders/dh/drrkwhq5347_9fqxfjd_vm600000gn/T/tmp76fa_5r_']
[2026-01-19T12:10:50.539+0700] {standard_task_runner.py:88} INFO - Job 41: Subtask run_intermediate_layer
[2026-01-19T12:10:50.558+0700] {task_command.py:423} INFO - Running <TaskInstance: adventureworks_daily_1210pm.run_intermediate_layer manual__2026-01-19T05:10:34.678796+00:00 [running]> on host macbook-pro-2.fpt
[2026-01-19T12:10:50.583+0700] {taskinstance.py:2481} INFO - Exporting env vars: AIRFLOW_CTX_DAG_OWNER='kimhoang' AIRFLOW_CTX_DAG_ID='adventureworks_daily_1210pm' AIRFLOW_CTX_TASK_ID='run_intermediate_layer' AIRFLOW_CTX_EXECUTION_DATE='2026-01-19T05:10:34.678796+00:00' AIRFLOW_CTX_TRY_NUMBER='1' AIRFLOW_CTX_DAG_RUN_ID='manual__2026-01-19T05:10:34.678796+00:00'
[2026-01-19T12:10:50.584+0700] {subprocess.py:63} INFO - Tmp dir root location: /var/folders/dh/drrkwhq5347_9fqxfjd_vm600000gn/T
[2026-01-19T12:10:50.584+0700] {subprocess.py:75} INFO - Running command: ['/bin/bash', '-c', 'cd /Users/tukimhoang/Documents/AdventureWorks_DataWarehouse_Project/dbt && dbt run --select intermediate --profiles-dir /Users/tukimhoang/.dbt']
[2026-01-19T12:10:50.588+0700] {subprocess.py:86} INFO - Output:
[2026-01-19T12:10:51.524+0700] {subprocess.py:93} INFO - [0m05:10:51  Running with dbt=1.11.2
[2026-01-19T12:10:51.814+0700] {subprocess.py:93} INFO - [0m05:10:51  Registered adapter: sqlserver=1.9.0
[2026-01-19T12:10:52.129+0700] {subprocess.py:93} INFO - [0m05:10:52  Found 25 models, 28 data tests, 8 sources, 538 macros
[2026-01-19T12:10:52.131+0700] {subprocess.py:93} INFO - [0m05:10:52
[2026-01-19T12:10:52.131+0700] {subprocess.py:93} INFO - [0m05:10:52  Concurrency: 1 threads (target='dev')
[2026-01-19T12:10:52.131+0700] {subprocess.py:93} INFO - [0m05:10:52
[2026-01-19T12:10:52.273+0700] {subprocess.py:93} INFO - [0m05:10:52  1 of 1 START sql table model stagging_intermediate.int_dim_product ............. [RUN]
[2026-01-19T12:10:52.559+0700] {subprocess.py:93} INFO - [0m05:10:52  1 of 1 OK created sql table model stagging_intermediate.int_dim_product ........ [[32mOK[0m in 0.28s]
[2026-01-19T12:10:52.582+0700] {subprocess.py:93} INFO - [0m05:10:52
[2026-01-19T12:10:52.582+0700] {subprocess.py:93} INFO - [0m05:10:52  Finished running 1 table model in 0 hours 0 minutes and 0.45 seconds (0.45s).
[2026-01-19T12:10:52.613+0700] {subprocess.py:93} INFO - [0m05:10:52
[2026-01-19T12:10:52.614+0700] {subprocess.py:93} INFO - [0m05:10:52  [32mCompleted successfully[0m
[2026-01-19T12:10:52.614+0700] {subprocess.py:93} INFO - [0m05:10:52
[2026-01-19T12:10:52.614+0700] {subprocess.py:93} INFO - [0m05:10:52  Done. PASS=1 WARN=0 ERROR=0 SKIP=0 NO-OP=0 TOTAL=1
[2026-01-19T12:10:54.090+0700] {subprocess.py:97} INFO - Command exited with return code 0
[2026-01-19T12:10:54.102+0700] {taskinstance.py:1138} INFO - Marking task as SUCCESS. dag_id=adventureworks_daily_1210pm, task_id=run_intermediate_layer, execution_date=20260119T051034, start_date=20260119T051050, end_date=20260119T051054
[2026-01-19T12:10:54.115+0700] {local_task_job_runner.py:234} INFO - Task exited with return code 0
[2026-01-19T12:10:54.129+0700] {taskinstance.py:3281} INFO - 1 downstream tasks scheduled from follow-on schedule check
