[2026-01-17T14:02:58.729+0700] {taskinstance.py:1957} INFO - Dependencies all met for dep_context=non-requeueable deps ti=<TaskInstance: adventureworks_final.run_intermediate manual__2026-01-17T06:59:37.069382+00:00 [queued]>
[2026-01-17T14:02:58.732+0700] {taskinstance.py:1957} INFO - Dependencies all met for dep_context=requeueable deps ti=<TaskInstance: adventureworks_final.run_intermediate manual__2026-01-17T06:59:37.069382+00:00 [queued]>
[2026-01-17T14:02:58.732+0700] {taskinstance.py:2171} INFO - Starting attempt 1 of 2
[2026-01-17T14:02:58.739+0700] {taskinstance.py:2192} INFO - Executing <Task(BashOperator): run_intermediate> on 2026-01-17 06:59:37.069382+00:00
[2026-01-17T14:02:58.742+0700] {standard_task_runner.py:60} INFO - Started process 51522 to run task
[2026-01-17T14:02:58.747+0700] {standard_task_runner.py:87} INFO - Running: ['airflow', 'tasks', 'run', 'adventureworks_final', 'run_intermediate', 'manual__2026-01-17T06:59:37.069382+00:00', '--job-id', '9', '--raw', '--subdir', 'DAGS_FOLDER/adventureworks_etl_dag.py', '--cfg-path', '/var/folders/dh/drrkwhq5347_9fqxfjd_vm600000gn/T/tmpzmwbay3p']
[2026-01-17T14:02:58.749+0700] {standard_task_runner.py:88} INFO - Job 9: Subtask run_intermediate
[2026-01-17T14:02:58.768+0700] {task_command.py:423} INFO - Running <TaskInstance: adventureworks_final.run_intermediate manual__2026-01-17T06:59:37.069382+00:00 [running]> on host macbook-pro-2.fpt
[2026-01-17T14:02:58.792+0700] {taskinstance.py:2481} INFO - Exporting env vars: AIRFLOW_CTX_DAG_OWNER='kimhoang' AIRFLOW_CTX_DAG_ID='adventureworks_final' AIRFLOW_CTX_TASK_ID='run_intermediate' AIRFLOW_CTX_EXECUTION_DATE='2026-01-17T06:59:37.069382+00:00' AIRFLOW_CTX_TRY_NUMBER='1' AIRFLOW_CTX_DAG_RUN_ID='manual__2026-01-17T06:59:37.069382+00:00'
[2026-01-17T14:02:58.793+0700] {subprocess.py:63} INFO - Tmp dir root location: /var/folders/dh/drrkwhq5347_9fqxfjd_vm600000gn/T
[2026-01-17T14:02:58.794+0700] {subprocess.py:75} INFO - Running command: ['/bin/bash', '-c', 'cd /Users/tukimhoang/Documents/AdventureWorks_DataWarehouse_Project/dbt && dbt run --select intermediate --profiles-dir /Users/tukimhoang/.dbt']
[2026-01-17T14:02:58.798+0700] {subprocess.py:86} INFO - Output:
[2026-01-17T14:02:59.749+0700] {subprocess.py:93} INFO - [0m07:02:59  Running with dbt=1.11.2
[2026-01-17T14:03:00.027+0700] {subprocess.py:93} INFO - [0m07:03:00  Registered adapter: sqlserver=1.9.0
[2026-01-17T14:03:00.345+0700] {subprocess.py:93} INFO - [0m07:03:00  Found 25 models, 28 data tests, 8 sources, 538 macros
[2026-01-17T14:03:00.347+0700] {subprocess.py:93} INFO - [0m07:03:00
[2026-01-17T14:03:00.347+0700] {subprocess.py:93} INFO - [0m07:03:00  Concurrency: 1 threads (target='dev')
[2026-01-17T14:03:00.347+0700] {subprocess.py:93} INFO - [0m07:03:00
[2026-01-17T14:03:00.485+0700] {subprocess.py:93} INFO - [0m07:03:00  1 of 1 START sql table model stagging_intermediate.int_dim_product ............. [RUN]
[2026-01-17T14:03:00.634+0700] {subprocess.py:93} INFO - [0m07:03:00  1 of 1 OK created sql table model stagging_intermediate.int_dim_product ........ [[32mOK[0m in 0.15s]
[2026-01-17T14:03:00.658+0700] {subprocess.py:93} INFO - [0m07:03:00
[2026-01-17T14:03:00.658+0700] {subprocess.py:93} INFO - [0m07:03:00  Finished running 1 table model in 0 hours 0 minutes and 0.31 seconds (0.31s).
[2026-01-17T14:03:00.691+0700] {subprocess.py:93} INFO - [0m07:03:00
[2026-01-17T14:03:00.691+0700] {subprocess.py:93} INFO - [0m07:03:00  [32mCompleted successfully[0m
[2026-01-17T14:03:00.691+0700] {subprocess.py:93} INFO - [0m07:03:00
[2026-01-17T14:03:00.691+0700] {subprocess.py:93} INFO - [0m07:03:00  Done. PASS=1 WARN=0 ERROR=0 SKIP=0 NO-OP=0 TOTAL=1
[2026-01-17T14:03:02.429+0700] {subprocess.py:97} INFO - Command exited with return code 0
[2026-01-17T14:03:02.440+0700] {taskinstance.py:1138} INFO - Marking task as SUCCESS. dag_id=adventureworks_final, task_id=run_intermediate, execution_date=20260117T065937, start_date=20260117T070258, end_date=20260117T070302
[2026-01-17T14:03:02.448+0700] {local_task_job_runner.py:234} INFO - Task exited with return code 0
[2026-01-17T14:03:02.459+0700] {taskinstance.py:3281} INFO - 1 downstream tasks scheduled from follow-on schedule check
