[2026-01-17T14:04:24.525+0700] {taskinstance.py:1957} INFO - Dependencies all met for dep_context=non-requeueable deps ti=<TaskInstance: adventureworks_final.generate_docs manual__2026-01-17T06:59:37.069382+00:00 [queued]>
[2026-01-17T14:04:24.529+0700] {taskinstance.py:1957} INFO - Dependencies all met for dep_context=requeueable deps ti=<TaskInstance: adventureworks_final.generate_docs manual__2026-01-17T06:59:37.069382+00:00 [queued]>
[2026-01-17T14:04:24.529+0700] {taskinstance.py:2171} INFO - Starting attempt 1 of 2
[2026-01-17T14:04:24.536+0700] {taskinstance.py:2192} INFO - Executing <Task(BashOperator): generate_docs> on 2026-01-17 06:59:37.069382+00:00
[2026-01-17T14:04:24.539+0700] {standard_task_runner.py:60} INFO - Started process 52267 to run task
[2026-01-17T14:04:24.543+0700] {standard_task_runner.py:87} INFO - Running: ['airflow', 'tasks', 'run', 'adventureworks_final', 'generate_docs', 'manual__2026-01-17T06:59:37.069382+00:00', '--job-id', '24', '--raw', '--subdir', 'DAGS_FOLDER/adventureworks_etl_dag.py', '--cfg-path', '/var/folders/dh/drrkwhq5347_9fqxfjd_vm600000gn/T/tmp9i15g8uc']
[2026-01-17T14:04:24.545+0700] {standard_task_runner.py:88} INFO - Job 24: Subtask generate_docs
[2026-01-17T14:04:24.564+0700] {task_command.py:423} INFO - Running <TaskInstance: adventureworks_final.generate_docs manual__2026-01-17T06:59:37.069382+00:00 [running]> on host macbook-pro-2.fpt
[2026-01-17T14:04:24.589+0700] {taskinstance.py:2481} INFO - Exporting env vars: AIRFLOW_CTX_DAG_OWNER='kimhoang' AIRFLOW_CTX_DAG_ID='adventureworks_final' AIRFLOW_CTX_TASK_ID='generate_docs' AIRFLOW_CTX_EXECUTION_DATE='2026-01-17T06:59:37.069382+00:00' AIRFLOW_CTX_TRY_NUMBER='1' AIRFLOW_CTX_DAG_RUN_ID='manual__2026-01-17T06:59:37.069382+00:00'
[2026-01-17T14:04:24.590+0700] {subprocess.py:63} INFO - Tmp dir root location: /var/folders/dh/drrkwhq5347_9fqxfjd_vm600000gn/T
[2026-01-17T14:04:24.590+0700] {subprocess.py:75} INFO - Running command: ['/bin/bash', '-c', 'cd /Users/tukimhoang/Documents/AdventureWorks_DataWarehouse_Project/dbt && dbt docs generate --profiles-dir /Users/tukimhoang/.dbt']
[2026-01-17T14:04:24.595+0700] {subprocess.py:86} INFO - Output:
[2026-01-17T14:04:25.532+0700] {subprocess.py:93} INFO - [0m07:04:25  Running with dbt=1.11.2
[2026-01-17T14:04:25.808+0700] {subprocess.py:93} INFO - [0m07:04:25  Registered adapter: sqlserver=1.9.0
[2026-01-17T14:04:26.046+0700] {subprocess.py:93} INFO - [0m07:04:26  Found 25 models, 28 data tests, 8 sources, 538 macros
[2026-01-17T14:04:26.049+0700] {subprocess.py:93} INFO - [0m07:04:26
[2026-01-17T14:04:26.050+0700] {subprocess.py:93} INFO - [0m07:04:26  Concurrency: 1 threads (target='dev')
[2026-01-17T14:04:26.050+0700] {subprocess.py:93} INFO - [0m07:04:26
[2026-01-17T14:04:26.566+0700] {subprocess.py:93} INFO - [0m07:04:26  Building catalog
[2026-01-17T14:04:26.782+0700] {subprocess.py:93} INFO - [0m07:04:26  Catalog written to /Users/tukimhoang/Documents/AdventureWorks_DataWarehouse_Project/dbt/target/catalog.json
[2026-01-17T14:04:28.517+0700] {subprocess.py:97} INFO - Command exited with return code 0
[2026-01-17T14:04:28.529+0700] {taskinstance.py:1138} INFO - Marking task as SUCCESS. dag_id=adventureworks_final, task_id=generate_docs, execution_date=20260117T065937, start_date=20260117T070424, end_date=20260117T070428
[2026-01-17T14:04:28.572+0700] {local_task_job_runner.py:234} INFO - Task exited with return code 0
[2026-01-17T14:04:28.579+0700] {taskinstance.py:3281} INFO - 0 downstream tasks scheduled from follow-on schedule check
