[2026-01-17T14:03:36.470+0700] {taskinstance.py:1957} INFO - Dependencies all met for dep_context=non-requeueable deps ti=<TaskInstance: adventureworks_final.run_dimensions manual__2026-01-17T07:00:13.457598+00:00 [queued]>
[2026-01-17T14:03:36.473+0700] {taskinstance.py:1957} INFO - Dependencies all met for dep_context=requeueable deps ti=<TaskInstance: adventureworks_final.run_dimensions manual__2026-01-17T07:00:13.457598+00:00 [queued]>
[2026-01-17T14:03:36.473+0700] {taskinstance.py:2171} INFO - Starting attempt 1 of 2
[2026-01-17T14:03:36.479+0700] {taskinstance.py:2192} INFO - Executing <Task(BashOperator): run_dimensions> on 2026-01-17 07:00:13.457598+00:00
[2026-01-17T14:03:36.483+0700] {standard_task_runner.py:60} INFO - Started process 51858 to run task
[2026-01-17T14:03:36.487+0700] {standard_task_runner.py:87} INFO - Running: ['airflow', 'tasks', 'run', 'adventureworks_final', 'run_dimensions', 'manual__2026-01-17T07:00:13.457598+00:00', '--job-id', '16', '--raw', '--subdir', 'DAGS_FOLDER/adventureworks_etl_dag.py', '--cfg-path', '/var/folders/dh/drrkwhq5347_9fqxfjd_vm600000gn/T/tmpp7dqzl__']
[2026-01-17T14:03:36.489+0700] {standard_task_runner.py:88} INFO - Job 16: Subtask run_dimensions
[2026-01-17T14:03:36.509+0700] {task_command.py:423} INFO - Running <TaskInstance: adventureworks_final.run_dimensions manual__2026-01-17T07:00:13.457598+00:00 [running]> on host macbook-pro-2.fpt
[2026-01-17T14:03:36.534+0700] {taskinstance.py:2481} INFO - Exporting env vars: AIRFLOW_CTX_DAG_OWNER='kimhoang' AIRFLOW_CTX_DAG_ID='adventureworks_final' AIRFLOW_CTX_TASK_ID='run_dimensions' AIRFLOW_CTX_EXECUTION_DATE='2026-01-17T07:00:13.457598+00:00' AIRFLOW_CTX_TRY_NUMBER='1' AIRFLOW_CTX_DAG_RUN_ID='manual__2026-01-17T07:00:13.457598+00:00'
[2026-01-17T14:03:36.535+0700] {subprocess.py:63} INFO - Tmp dir root location: /var/folders/dh/drrkwhq5347_9fqxfjd_vm600000gn/T
[2026-01-17T14:03:36.536+0700] {subprocess.py:75} INFO - Running command: ['/bin/bash', '-c', 'cd /Users/tukimhoang/Documents/AdventureWorks_DataWarehouse_Project/dbt && dbt run --select dim_category_product dim_customer dim_employee dim_product dim_store dim_subcategory_product dim_territory --profiles-dir /Users/tukimhoang/.dbt']
[2026-01-17T14:03:36.540+0700] {subprocess.py:86} INFO - Output:
[2026-01-17T14:03:37.482+0700] {subprocess.py:93} INFO - [0m07:03:37  Running with dbt=1.11.2
[2026-01-17T14:03:37.756+0700] {subprocess.py:93} INFO - [0m07:03:37  Registered adapter: sqlserver=1.9.0
[2026-01-17T14:03:38.074+0700] {subprocess.py:93} INFO - [0m07:03:38  Found 25 models, 28 data tests, 8 sources, 538 macros
[2026-01-17T14:03:38.077+0700] {subprocess.py:93} INFO - [0m07:03:38
[2026-01-17T14:03:38.077+0700] {subprocess.py:93} INFO - [0m07:03:38  Concurrency: 1 threads (target='dev')
[2026-01-17T14:03:38.077+0700] {subprocess.py:93} INFO - [0m07:03:38
[2026-01-17T14:03:38.202+0700] {subprocess.py:93} INFO - [0m07:03:38  1 of 7 START sql table model stagging_dw.DIM_Category_Product .................. [RUN]
[2026-01-17T14:03:38.357+0700] {subprocess.py:93} INFO - [0m07:03:38  1 of 7 OK created sql table model stagging_dw.DIM_Category_Product ............. [[32mOK[0m in 0.15s]
[2026-01-17T14:03:38.358+0700] {subprocess.py:93} INFO - [0m07:03:38  2 of 7 START sql table model stagging_dw.DIM_Customer .......................... [RUN]
[2026-01-17T14:03:38.442+0700] {subprocess.py:93} INFO - [0m07:03:38  2 of 7 OK created sql table model stagging_dw.DIM_Customer ..................... [[32mOK[0m in 0.08s]
[2026-01-17T14:03:38.443+0700] {subprocess.py:93} INFO - [0m07:03:38  3 of 7 START sql table model stagging_dw.DIM_Employee .......................... [RUN]
[2026-01-17T14:03:38.530+0700] {subprocess.py:93} INFO - [0m07:03:38  3 of 7 OK created sql table model stagging_dw.DIM_Employee ..................... [[32mOK[0m in 0.09s]
[2026-01-17T14:03:38.531+0700] {subprocess.py:93} INFO - [0m07:03:38  4 of 7 START sql table model stagging_dw.DIM_Product ........................... [RUN]
[2026-01-17T14:03:38.681+0700] {subprocess.py:93} INFO - [0m07:03:38  4 of 7 OK created sql table model stagging_dw.DIM_Product ...................... [[32mOK[0m in 0.15s]
[2026-01-17T14:03:38.682+0700] {subprocess.py:93} INFO - [0m07:03:38  5 of 7 START sql table model stagging_dw.DIM_Store ............................. [RUN]
[2026-01-17T14:03:38.765+0700] {subprocess.py:93} INFO - [0m07:03:38  5 of 7 OK created sql table model stagging_dw.DIM_Store ........................ [[32mOK[0m in 0.08s]
[2026-01-17T14:03:38.766+0700] {subprocess.py:93} INFO - [0m07:03:38  6 of 7 START sql table model stagging_dw.DIM_SubCategory_Product ............... [RUN]
[2026-01-17T14:03:38.843+0700] {subprocess.py:93} INFO - [0m07:03:38  6 of 7 OK created sql table model stagging_dw.DIM_SubCategory_Product .......... [[32mOK[0m in 0.08s]
[2026-01-17T14:03:38.844+0700] {subprocess.py:93} INFO - [0m07:03:38  7 of 7 START sql table model stagging_dw.DIM_Territory ......................... [RUN]
[2026-01-17T14:03:38.921+0700] {subprocess.py:93} INFO - [0m07:03:38  7 of 7 OK created sql table model stagging_dw.DIM_Territory .................... [[32mOK[0m in 0.08s]
[2026-01-17T14:03:38.924+0700] {subprocess.py:93} INFO - [0m07:03:38
[2026-01-17T14:03:38.924+0700] {subprocess.py:93} INFO - [0m07:03:38  Finished running 7 table models in 0 hours 0 minutes and 0.85 seconds (0.85s).
[2026-01-17T14:03:38.959+0700] {subprocess.py:93} INFO - [0m07:03:38
[2026-01-17T14:03:38.959+0700] {subprocess.py:93} INFO - [0m07:03:38  [32mCompleted successfully[0m
[2026-01-17T14:03:38.960+0700] {subprocess.py:93} INFO - [0m07:03:38
[2026-01-17T14:03:38.960+0700] {subprocess.py:93} INFO - [0m07:03:38  Done. PASS=7 WARN=0 ERROR=0 SKIP=0 NO-OP=0 TOTAL=7
[2026-01-17T14:03:41.967+0700] {subprocess.py:97} INFO - Command exited with return code 0
[2026-01-17T14:03:41.982+0700] {taskinstance.py:1138} INFO - Marking task as SUCCESS. dag_id=adventureworks_final, task_id=run_dimensions, execution_date=20260117T070013, start_date=20260117T070336, end_date=20260117T070341
[2026-01-17T14:03:42.022+0700] {local_task_job_runner.py:234} INFO - Task exited with return code 0
[2026-01-17T14:03:42.035+0700] {taskinstance.py:3281} INFO - 1 downstream tasks scheduled from follow-on schedule check
