[2026-01-17T14:02:39.125+0700] {taskinstance.py:1957} INFO - Dependencies all met for dep_context=non-requeueable deps ti=<TaskInstance: adventureworks_final.run_staging manual__2026-01-17T06:59:37.069382+00:00 [queued]>
[2026-01-17T14:02:39.127+0700] {taskinstance.py:1957} INFO - Dependencies all met for dep_context=requeueable deps ti=<TaskInstance: adventureworks_final.run_staging manual__2026-01-17T06:59:37.069382+00:00 [queued]>
[2026-01-17T14:02:39.128+0700] {taskinstance.py:2171} INFO - Starting attempt 1 of 2
[2026-01-17T14:02:39.134+0700] {taskinstance.py:2192} INFO - Executing <Task(BashOperator): run_staging> on 2026-01-17 06:59:37.069382+00:00
[2026-01-17T14:02:39.137+0700] {standard_task_runner.py:60} INFO - Started process 51362 to run task
[2026-01-17T14:02:39.142+0700] {standard_task_runner.py:87} INFO - Running: ['airflow', 'tasks', 'run', 'adventureworks_final', 'run_staging', 'manual__2026-01-17T06:59:37.069382+00:00', '--job-id', '6', '--raw', '--subdir', 'DAGS_FOLDER/adventureworks_etl_dag.py', '--cfg-path', '/var/folders/dh/drrkwhq5347_9fqxfjd_vm600000gn/T/tmpo9fs7jne']
[2026-01-17T14:02:39.144+0700] {standard_task_runner.py:88} INFO - Job 6: Subtask run_staging
[2026-01-17T14:02:39.165+0700] {task_command.py:423} INFO - Running <TaskInstance: adventureworks_final.run_staging manual__2026-01-17T06:59:37.069382+00:00 [running]> on host macbook-pro-2.fpt
[2026-01-17T14:02:39.191+0700] {taskinstance.py:2481} INFO - Exporting env vars: AIRFLOW_CTX_DAG_OWNER='kimhoang' AIRFLOW_CTX_DAG_ID='adventureworks_final' AIRFLOW_CTX_TASK_ID='run_staging' AIRFLOW_CTX_EXECUTION_DATE='2026-01-17T06:59:37.069382+00:00' AIRFLOW_CTX_TRY_NUMBER='1' AIRFLOW_CTX_DAG_RUN_ID='manual__2026-01-17T06:59:37.069382+00:00'
[2026-01-17T14:02:39.192+0700] {subprocess.py:63} INFO - Tmp dir root location: /var/folders/dh/drrkwhq5347_9fqxfjd_vm600000gn/T
[2026-01-17T14:02:39.193+0700] {subprocess.py:75} INFO - Running command: ['/bin/bash', '-c', 'cd /Users/tukimhoang/Documents/AdventureWorks_DataWarehouse_Project/dbt && dbt run --select staging --profiles-dir /Users/tukimhoang/.dbt']
[2026-01-17T14:02:39.197+0700] {subprocess.py:86} INFO - Output:
[2026-01-17T14:02:40.148+0700] {subprocess.py:93} INFO - [0m07:02:40  Running with dbt=1.11.2
[2026-01-17T14:02:40.424+0700] {subprocess.py:93} INFO - [0m07:02:40  Registered adapter: sqlserver=1.9.0
[2026-01-17T14:02:40.743+0700] {subprocess.py:93} INFO - [0m07:02:40  Found 25 models, 28 data tests, 8 sources, 538 macros
[2026-01-17T14:02:40.745+0700] {subprocess.py:93} INFO - [0m07:02:40
[2026-01-17T14:02:40.745+0700] {subprocess.py:93} INFO - [0m07:02:40  Concurrency: 1 threads (target='dev')
[2026-01-17T14:02:40.746+0700] {subprocess.py:93} INFO - [0m07:02:40
[2026-01-17T14:02:40.876+0700] {subprocess.py:93} INFO - [0m07:02:40  1 of 8 START sql view model stagging_stagging.stg_dim_cat_product .............. [RUN]
[2026-01-17T14:02:40.970+0700] {subprocess.py:93} INFO - [0m07:02:40  1 of 8 OK created sql view model stagging_stagging.stg_dim_cat_product ......... [[32mOK[0m in 0.09s]
[2026-01-17T14:02:40.971+0700] {subprocess.py:93} INFO - [0m07:02:40  2 of 8 START sql view model stagging_stagging.stg_dim_customer ................. [RUN]
[2026-01-17T14:02:41.032+0700] {subprocess.py:93} INFO - [0m07:02:41  2 of 8 OK created sql view model stagging_stagging.stg_dim_customer ............ [[32mOK[0m in 0.06s]
[2026-01-17T14:02:41.033+0700] {subprocess.py:93} INFO - [0m07:02:41  3 of 8 START sql view model stagging_stagging.stg_dim_employee ................. [RUN]
[2026-01-17T14:02:41.095+0700] {subprocess.py:93} INFO - [0m07:02:41  3 of 8 OK created sql view model stagging_stagging.stg_dim_employee ............ [[32mOK[0m in 0.06s]
[2026-01-17T14:02:41.096+0700] {subprocess.py:93} INFO - [0m07:02:41  4 of 8 START sql view model stagging_stagging.stg_dim_product .................. [RUN]
[2026-01-17T14:02:41.148+0700] {subprocess.py:93} INFO - [0m07:02:41  4 of 8 OK created sql view model stagging_stagging.stg_dim_product ............. [[32mOK[0m in 0.05s]
[2026-01-17T14:02:41.149+0700] {subprocess.py:93} INFO - [0m07:02:41  5 of 8 START sql view model stagging_stagging.stg_dim_store .................... [RUN]
[2026-01-17T14:02:41.259+0700] {subprocess.py:93} INFO - [0m07:02:41  5 of 8 OK created sql view model stagging_stagging.stg_dim_store ............... [[32mOK[0m in 0.11s]
[2026-01-17T14:02:41.261+0700] {subprocess.py:93} INFO - [0m07:02:41  6 of 8 START sql view model stagging_stagging.stg_dim_sub_category_product ..... [RUN]
[2026-01-17T14:02:41.309+0700] {subprocess.py:93} INFO - [0m07:02:41  6 of 8 OK created sql view model stagging_stagging.stg_dim_sub_category_product  [[32mOK[0m in 0.05s]
[2026-01-17T14:02:41.310+0700] {subprocess.py:93} INFO - [0m07:02:41  7 of 8 START sql view model stagging_stagging.stg_dim_territory ................ [RUN]
[2026-01-17T14:02:41.353+0700] {subprocess.py:93} INFO - [0m07:02:41  7 of 8 OK created sql view model stagging_stagging.stg_dim_territory ........... [[32mOK[0m in 0.04s]
[2026-01-17T14:02:41.354+0700] {subprocess.py:93} INFO - [0m07:02:41  8 of 8 START sql view model stagging_stagging.stg_fact_sales ................... [RUN]
[2026-01-17T14:02:41.398+0700] {subprocess.py:93} INFO - [0m07:02:41  8 of 8 OK created sql view model stagging_stagging.stg_fact_sales .............. [[32mOK[0m in 0.04s]
[2026-01-17T14:02:41.400+0700] {subprocess.py:93} INFO - [0m07:02:41
[2026-01-17T14:02:41.400+0700] {subprocess.py:93} INFO - [0m07:02:41  Finished running 8 view models in 0 hours 0 minutes and 0.65 seconds (0.65s).
[2026-01-17T14:02:41.435+0700] {subprocess.py:93} INFO - [0m07:02:41
[2026-01-17T14:02:41.435+0700] {subprocess.py:93} INFO - [0m07:02:41  [32mCompleted successfully[0m
[2026-01-17T14:02:41.435+0700] {subprocess.py:93} INFO - [0m07:02:41
[2026-01-17T14:02:41.435+0700] {subprocess.py:93} INFO - [0m07:02:41  Done. PASS=8 WARN=0 ERROR=0 SKIP=0 NO-OP=0 TOTAL=8
[2026-01-17T14:02:44.577+0700] {subprocess.py:97} INFO - Command exited with return code 0
[2026-01-17T14:02:44.589+0700] {taskinstance.py:1138} INFO - Marking task as SUCCESS. dag_id=adventureworks_final, task_id=run_staging, execution_date=20260117T065937, start_date=20260117T070239, end_date=20260117T070244
[2026-01-17T14:02:44.635+0700] {local_task_job_runner.py:234} INFO - Task exited with return code 0
[2026-01-17T14:02:44.647+0700] {taskinstance.py:3281} INFO - 1 downstream tasks scheduled from follow-on schedule check
