[2026-01-19T12:11:24.584+0700] {taskinstance.py:1957} INFO - Dependencies all met for dep_context=non-requeueable deps ti=<TaskInstance: adventureworks_daily_1210pm.generate_dbt_docs manual__2026-01-19T05:10:34.678796+00:00 [queued]>
[2026-01-19T12:11:24.587+0700] {taskinstance.py:1957} INFO - Dependencies all met for dep_context=requeueable deps ti=<TaskInstance: adventureworks_daily_1210pm.generate_dbt_docs manual__2026-01-19T05:10:34.678796+00:00 [queued]>
[2026-01-19T12:11:24.587+0700] {taskinstance.py:2171} INFO - Starting attempt 1 of 3
[2026-01-19T12:11:24.593+0700] {taskinstance.py:2192} INFO - Executing <Task(BashOperator): generate_dbt_docs> on 2026-01-19 05:10:34.678796+00:00
[2026-01-19T12:11:24.596+0700] {standard_task_runner.py:60} INFO - Started process 74929 to run task
[2026-01-19T12:11:24.600+0700] {standard_task_runner.py:87} INFO - Running: ['airflow', 'tasks', 'run', 'adventureworks_daily_1210pm', 'generate_dbt_docs', 'manual__2026-01-19T05:10:34.678796+00:00', '--job-id', '46', '--raw', '--subdir', 'DAGS_FOLDER/adventureworks_etl_dag.py', '--cfg-path', '/var/folders/dh/drrkwhq5347_9fqxfjd_vm600000gn/T/tmp_tc4_y0n']
[2026-01-19T12:11:24.602+0700] {standard_task_runner.py:88} INFO - Job 46: Subtask generate_dbt_docs
[2026-01-19T12:11:24.622+0700] {task_command.py:423} INFO - Running <TaskInstance: adventureworks_daily_1210pm.generate_dbt_docs manual__2026-01-19T05:10:34.678796+00:00 [running]> on host macbook-pro-2.fpt
[2026-01-19T12:11:24.648+0700] {taskinstance.py:2481} INFO - Exporting env vars: AIRFLOW_CTX_DAG_OWNER='kimhoang' AIRFLOW_CTX_DAG_ID='adventureworks_daily_1210pm' AIRFLOW_CTX_TASK_ID='generate_dbt_docs' AIRFLOW_CTX_EXECUTION_DATE='2026-01-19T05:10:34.678796+00:00' AIRFLOW_CTX_TRY_NUMBER='1' AIRFLOW_CTX_DAG_RUN_ID='manual__2026-01-19T05:10:34.678796+00:00'
[2026-01-19T12:11:24.649+0700] {subprocess.py:63} INFO - Tmp dir root location: /var/folders/dh/drrkwhq5347_9fqxfjd_vm600000gn/T
[2026-01-19T12:11:24.649+0700] {subprocess.py:75} INFO - Running command: ['/bin/bash', '-c', 'cd /Users/tukimhoang/Documents/AdventureWorks_DataWarehouse_Project/dbt && dbt docs generate --profiles-dir /Users/tukimhoang/.dbt']
[2026-01-19T12:11:24.654+0700] {subprocess.py:86} INFO - Output:
[2026-01-19T12:11:25.611+0700] {subprocess.py:93} INFO - [0m05:11:25  Running with dbt=1.11.2
[2026-01-19T12:11:25.924+0700] {subprocess.py:93} INFO - [0m05:11:25  Registered adapter: sqlserver=1.9.0
[2026-01-19T12:11:26.161+0700] {subprocess.py:93} INFO - [0m05:11:26  Found 25 models, 28 data tests, 8 sources, 538 macros
[2026-01-19T12:11:26.164+0700] {subprocess.py:93} INFO - [0m05:11:26
[2026-01-19T12:11:26.164+0700] {subprocess.py:93} INFO - [0m05:11:26  Concurrency: 1 threads (target='dev')
[2026-01-19T12:11:26.165+0700] {subprocess.py:93} INFO - [0m05:11:26
[2026-01-19T12:11:26.689+0700] {subprocess.py:93} INFO - [0m05:11:26  Building catalog
[2026-01-19T12:11:26.900+0700] {subprocess.py:93} INFO - [0m05:11:26  Catalog written to /Users/tukimhoang/Documents/AdventureWorks_DataWarehouse_Project/dbt/target/catalog.json
[2026-01-19T12:11:29.490+0700] {subprocess.py:97} INFO - Command exited with return code 0
[2026-01-19T12:11:29.501+0700] {taskinstance.py:1138} INFO - Marking task as SUCCESS. dag_id=adventureworks_daily_1210pm, task_id=generate_dbt_docs, execution_date=20260119T051034, start_date=20260119T051124, end_date=20260119T051129
[2026-01-19T12:11:29.531+0700] {local_task_job_runner.py:234} INFO - Task exited with return code 0
[2026-01-19T12:11:29.542+0700] {taskinstance.py:3281} INFO - 1 downstream tasks scheduled from follow-on schedule check
